{"/Users/gabrieljimenez/hr-immersive-repos/fec-project/pp-atelier/client/src/components/Ratings-Reviews/AddreviewModal/OverallStarRating.jsx": {"path":"/Users/gabrieljimenez/hr-immersive-repos/fec-project/pp-atelier/client/src/components/Ratings-Reviews/AddreviewModal/OverallStarRating.jsx","statementMap":{"0":{"start":{"line":4,"column":17},"end":{"line":10,"column":1}},"1":{"start":{"line":6,"column":23},"end":{"line":6,"column":61}},"2":{"start":{"line":8,"column":41},"end":{"line":8,"column":79}},"3":{"start":{"line":12,"column":26},"end":{"line":39,"column":1}},"4":{"start":{"line":13,"column":30},"end":{"line":13,"column":41}},"5":{"start":{"line":14,"column":22},"end":{"line":16,"column":3}},"6":{"start":{"line":15,"column":4},"end":{"line":15,"column":21}},"7":{"start":{"line":18,"column":2},"end":{"line":38,"column":4}},"8":{"start":{"line":21,"column":6},"end":{"line":28,"column":17}},"9":{"start":{"line":25,"column":23},"end":{"line":25,"column":41}}},"fnMap":{"0":{"name":"(anonymous_0)","decl":{"start":{"line":6,"column":11},"end":{"line":6,"column":12}},"loc":{"start":{"line":6,"column":23},"end":{"line":6,"column":61}},"line":6},"1":{"name":"(anonymous_1)","decl":{"start":{"line":8,"column":29},"end":{"line":8,"column":30}},"loc":{"start":{"line":8,"column":41},"end":{"line":8,"column":79}},"line":8},"2":{"name":"(anonymous_2)","decl":{"start":{"line":12,"column":26},"end":{"line":12,"column":27}},"loc":{"start":{"line":12,"column":32},"end":{"line":39,"column":1}},"line":12},"3":{"name":"(anonymous_3)","decl":{"start":{"line":14,"column":22},"end":{"line":14,"column":23}},"loc":{"start":{"line":14,"column":33},"end":{"line":16,"column":3}},"line":14},"4":{"name":"(anonymous_4)","decl":{"start":{"line":20,"column":25},"end":{"line":20,"column":26}},"loc":{"start":{"line":21,"column":6},"end":{"line":28,"column":17}},"line":21},"5":{"name":"(anonymous_5)","decl":{"start":{"line":25,"column":17},"end":{"line":25,"column":18}},"loc":{"start":{"line":25,"column":23},"end":{"line":25,"column":41}},"line":25}},"branchMap":{"0":{"loc":{"start":{"line":6,"column":23},"end":{"line":6,"column":61}},"type":"cond-expr","locations":[{"start":{"line":6,"column":38},"end":{"line":6,"column":47}},{"start":{"line":6,"column":50},"end":{"line":6,"column":61}}],"line":6},"1":{"loc":{"start":{"line":8,"column":41},"end":{"line":8,"column":79}},"type":"cond-expr","locations":[{"start":{"line":8,"column":56},"end":{"line":8,"column":66}},{"start":{"line":8,"column":69},"end":{"line":8,"column":79}}],"line":8},"2":{"loc":{"start":{"line":24,"column":48},"end":{"line":24,"column":79}},"type":"cond-expr","locations":[{"start":{"line":24,"column":66},"end":{"line":24,"column":74}},{"start":{"line":24,"column":77},"end":{"line":24,"column":79}}],"line":24},"3":{"loc":{"start":{"line":31,"column":9},"end":{"line":31,"column":31}},"type":"binary-expr","locations":[{"start":{"line":31,"column":9},"end":{"line":31,"column":21}},{"start":{"line":31,"column":25},"end":{"line":31,"column":31}}],"line":31},"4":{"loc":{"start":{"line":32,"column":9},"end":{"line":32,"column":31}},"type":"binary-expr","locations":[{"start":{"line":32,"column":9},"end":{"line":32,"column":21}},{"start":{"line":32,"column":25},"end":{"line":32,"column":31}}],"line":32},"5":{"loc":{"start":{"line":33,"column":9},"end":{"line":33,"column":34}},"type":"binary-expr","locations":[{"start":{"line":33,"column":9},"end":{"line":33,"column":21}},{"start":{"line":33,"column":25},"end":{"line":33,"column":34}}],"line":33},"6":{"loc":{"start":{"line":34,"column":9},"end":{"line":34,"column":31}},"type":"binary-expr","locations":[{"start":{"line":34,"column":9},"end":{"line":34,"column":21}},{"start":{"line":34,"column":25},"end":{"line":34,"column":31}}],"line":34},"7":{"loc":{"start":{"line":35,"column":9},"end":{"line":35,"column":32}},"type":"binary-expr","locations":[{"start":{"line":35,"column":9},"end":{"line":35,"column":21}},{"start":{"line":35,"column":25},"end":{"line":35,"column":32}}],"line":35}},"s":{"0":2,"1":10,"2":10,"3":2,"4":4,"5":2,"6":0,"7":2,"8":10,"9":0},"f":{"0":10,"1":10,"2":4,"3":0,"4":10,"5":0},"b":{"0":[0,10],"1":[0,10],"2":[0,10],"3":[2,0],"4":[2,0],"5":[2,0],"6":[2,0],"7":[2,0]},"_coverageSchema":"1a1c01bbd47fc00a2c39e90264f33305004495a9","hash":"6ac77800ab70fcb6324eb454fdd706892621dcf9"}
,"/Users/gabrieljimenez/hr-immersive-repos/fec-project/pp-atelier/client/src/components/RelatedItems/Compare.jsx": {"path":"/Users/gabrieljimenez/hr-immersive-repos/fec-project/pp-atelier/client/src/components/RelatedItems/Compare.jsx","statementMap":{"0":{"start":{"line":4,"column":16},"end":{"line":45,"column":1}},"1":{"start":{"line":5,"column":19},"end":{"line":13,"column":3}},"2":{"start":{"line":6,"column":4},"end":{"line":8,"column":5}},"3":{"start":{"line":7,"column":6},"end":{"line":7,"column":25}},"4":{"start":{"line":9,"column":4},"end":{"line":11,"column":5}},"5":{"start":{"line":10,"column":6},"end":{"line":10,"column":23}},"6":{"start":{"line":12,"column":4},"end":{"line":12,"column":41}},"7":{"start":{"line":14,"column":21},"end":{"line":14,"column":23}},"8":{"start":{"line":15,"column":21},"end":{"line":15,"column":23}},"9":{"start":{"line":16,"column":2},"end":{"line":18,"column":5}},"10":{"start":{"line":17,"column":4},"end":{"line":17,"column":39}},"11":{"start":{"line":19,"column":2},"end":{"line":21,"column":5}},"12":{"start":{"line":20,"column":4},"end":{"line":20,"column":39}},"13":{"start":{"line":22,"column":22},"end":{"line":22,"column":24}},"14":{"start":{"line":23,"column":27},"end":{"line":23,"column":29}},"15":{"start":{"line":24,"column":22},"end":{"line":24,"column":24}},"16":{"start":{"line":25,"column":2},"end":{"line":33,"column":5}},"17":{"start":{"line":26,"column":4},"end":{"line":26,"column":32}},"18":{"start":{"line":27,"column":4},"end":{"line":27,"column":27}},"19":{"start":{"line":28,"column":4},"end":{"line":32,"column":5}},"20":{"start":{"line":29,"column":6},"end":{"line":29,"column":29}},"21":{"start":{"line":31,"column":6},"end":{"line":31,"column":30}},"22":{"start":{"line":34,"column":2},"end":{"line":40,"column":5}},"23":{"start":{"line":35,"column":4},"end":{"line":39,"column":5}},"24":{"start":{"line":36,"column":6},"end":{"line":36,"column":29}},"25":{"start":{"line":37,"column":6},"end":{"line":37,"column":34}},"26":{"start":{"line":38,"column":6},"end":{"line":38,"column":30}},"27":{"start":{"line":41,"column":2},"end":{"line":44,"column":4}}},"fnMap":{"0":{"name":"(anonymous_0)","decl":{"start":{"line":4,"column":16},"end":{"line":4,"column":17}},"loc":{"start":{"line":4,"column":58},"end":{"line":45,"column":1}},"line":4},"1":{"name":"(anonymous_1)","decl":{"start":{"line":5,"column":19},"end":{"line":5,"column":20}},"loc":{"start":{"line":5,"column":28},"end":{"line":13,"column":3}},"line":5},"2":{"name":"(anonymous_2)","decl":{"start":{"line":16,"column":20},"end":{"line":16,"column":21}},"loc":{"start":{"line":16,"column":33},"end":{"line":18,"column":3}},"line":16},"3":{"name":"(anonymous_3)","decl":{"start":{"line":19,"column":20},"end":{"line":19,"column":21}},"loc":{"start":{"line":19,"column":33},"end":{"line":21,"column":3}},"line":19},"4":{"name":"(anonymous_4)","decl":{"start":{"line":25,"column":21},"end":{"line":25,"column":22}},"loc":{"start":{"line":25,"column":31},"end":{"line":33,"column":3}},"line":25},"5":{"name":"(anonymous_5)","decl":{"start":{"line":34,"column":21},"end":{"line":34,"column":22}},"loc":{"start":{"line":34,"column":31},"end":{"line":40,"column":3}},"line":34}},"branchMap":{"0":{"loc":{"start":{"line":6,"column":4},"end":{"line":8,"column":5}},"type":"if","locations":[{"start":{"line":6,"column":4},"end":{"line":8,"column":5}},{"start":{},"end":{}}],"line":6},"1":{"loc":{"start":{"line":6,"column":8},"end":{"line":6,"column":33}},"type":"binary-expr","locations":[{"start":{"line":6,"column":8},"end":{"line":6,"column":18}},{"start":{"line":6,"column":22},"end":{"line":6,"column":33}}],"line":6},"2":{"loc":{"start":{"line":9,"column":4},"end":{"line":11,"column":5}},"type":"if","locations":[{"start":{"line":9,"column":4},"end":{"line":11,"column":5}},{"start":{},"end":{}}],"line":9},"3":{"loc":{"start":{"line":9,"column":8},"end":{"line":9,"column":33}},"type":"binary-expr","locations":[{"start":{"line":9,"column":8},"end":{"line":9,"column":20}},{"start":{"line":9,"column":24},"end":{"line":9,"column":33}}],"line":9},"4":{"loc":{"start":{"line":28,"column":4},"end":{"line":32,"column":5}},"type":"if","locations":[{"start":{"line":28,"column":4},"end":{"line":32,"column":5}},{"start":{"line":30,"column":11},"end":{"line":32,"column":5}}],"line":28},"5":{"loc":{"start":{"line":35,"column":4},"end":{"line":39,"column":5}},"type":"if","locations":[{"start":{"line":35,"column":4},"end":{"line":39,"column":5}},{"start":{},"end":{}}],"line":35}},"s":{"0":2,"1":4,"2":24,"3":0,"4":24,"5":0,"6":24,"7":4,"8":4,"9":4,"10":12,"11":4,"12":12,"13":4,"14":4,"15":4,"16":4,"17":12,"18":12,"19":12,"20":8,"21":4,"22":4,"23":12,"24":4,"25":4,"26":4,"27":4},"f":{"0":4,"1":24,"2":12,"3":12,"4":12,"5":12},"b":{"0":[0,24],"1":[24,0],"2":[0,24],"3":[24,0],"4":[8,4],"5":[4,8]},"_coverageSchema":"1a1c01bbd47fc00a2c39e90264f33305004495a9","hash":"44db9d30be20dd9ad8ed785c8b3b9ffcaebc0916"}
,"/Users/gabrieljimenez/hr-immersive-repos/fec-project/pp-atelier/client/src/components/RelatedItems/ComparisonTable.jsx": {"path":"/Users/gabrieljimenez/hr-immersive-repos/fec-project/pp-atelier/client/src/components/RelatedItems/ComparisonTable.jsx","statementMap":{"0":{"start":{"line":3,"column":24},"end":{"line":18,"column":1}},"1":{"start":{"line":4,"column":2},"end":{"line":17,"column":10}},"2":{"start":{"line":11,"column":47},"end":{"line":15,"column":9}}},"fnMap":{"0":{"name":"(anonymous_0)","decl":{"start":{"line":3,"column":24},"end":{"line":3,"column":25}},"loc":{"start":{"line":4,"column":2},"end":{"line":17,"column":10}},"line":4},"1":{"name":"(anonymous_1)","decl":{"start":{"line":11,"column":26},"end":{"line":11,"column":27}},"loc":{"start":{"line":11,"column":47},"end":{"line":15,"column":9}},"line":11}},"branchMap":{},"s":{"0":2,"1":4,"2":16},"f":{"0":4,"1":16},"b":{},"_coverageSchema":"1a1c01bbd47fc00a2c39e90264f33305004495a9","hash":"a40d876a81cee117b0e18b383b46781bdd77060f"}
,"/Users/gabrieljimenez/hr-immersive-repos/fec-project/pp-atelier/client/src/components/q-a/Answer.jsx": {"path":"/Users/gabrieljimenez/hr-immersive-repos/fec-project/pp-atelier/client/src/components/q-a/Answer.jsx","statementMap":{"0":{"start":{"line":5,"column":15},"end":{"line":65,"column":1}},"1":{"start":{"line":9,"column":15},"end":{"line":9,"column":36}},"2":{"start":{"line":10,"column":24},"end":{"line":10,"column":122}},"3":{"start":{"line":11,"column":40},"end":{"line":11,"column":55}},"4":{"start":{"line":12,"column":28},"end":{"line":12,"column":40}},"5":{"start":{"line":14,"column":31},"end":{"line":23,"column":3}},"6":{"start":{"line":15,"column":21},"end":{"line":15,"column":37}},"7":{"start":{"line":16,"column":4},"end":{"line":22,"column":81}},"8":{"start":{"line":18,"column":8},"end":{"line":18,"column":57}},"9":{"start":{"line":19,"column":8},"end":{"line":19,"column":62}},"10":{"start":{"line":20,"column":8},"end":{"line":20,"column":22}},"11":{"start":{"line":22,"column":24},"end":{"line":22,"column":79}},"12":{"start":{"line":25,"column":23},"end":{"line":34,"column":3}},"13":{"start":{"line":26,"column":21},"end":{"line":26,"column":37}},"14":{"start":{"line":27,"column":4},"end":{"line":33,"column":9}},"15":{"start":{"line":29,"column":8},"end":{"line":29,"column":36}},"16":{"start":{"line":32,"column":8},"end":{"line":32,"column":53}},"17":{"start":{"line":36,"column":2},"end":{"line":42,"column":20}},"18":{"start":{"line":37,"column":4},"end":{"line":41,"column":5}},"19":{"start":{"line":38,"column":6},"end":{"line":38,"column":46}},"20":{"start":{"line":40,"column":6},"end":{"line":40,"column":44}},"21":{"start":{"line":44,"column":2},"end":{"line":64,"column":4}},"22":{"start":{"line":48,"column":63},"end":{"line":56,"column":51}},"23":{"start":{"line":50,"column":8},"end":{"line":50,"column":37}},"24":{"start":{"line":51,"column":8},"end":{"line":51,"column":28}}},"fnMap":{"0":{"name":"(anonymous_0)","decl":{"start":{"line":5,"column":15},"end":{"line":5,"column":16}},"loc":{"start":{"line":8,"column":6},"end":{"line":65,"column":1}},"line":8},"1":{"name":"(anonymous_1)","decl":{"start":{"line":14,"column":31},"end":{"line":14,"column":32}},"loc":{"start":{"line":14,"column":37},"end":{"line":23,"column":3}},"line":14},"2":{"name":"(anonymous_2)","decl":{"start":{"line":17,"column":12},"end":{"line":17,"column":13}},"loc":{"start":{"line":17,"column":18},"end":{"line":21,"column":7}},"line":17},"3":{"name":"(anonymous_3)","decl":{"start":{"line":22,"column":13},"end":{"line":22,"column":14}},"loc":{"start":{"line":22,"column":24},"end":{"line":22,"column":79}},"line":22},"4":{"name":"(anonymous_4)","decl":{"start":{"line":25,"column":23},"end":{"line":25,"column":24}},"loc":{"start":{"line":25,"column":29},"end":{"line":34,"column":3}},"line":25},"5":{"name":"(anonymous_5)","decl":{"start":{"line":28,"column":12},"end":{"line":28,"column":13}},"loc":{"start":{"line":28,"column":18},"end":{"line":30,"column":7}},"line":28},"6":{"name":"(anonymous_6)","decl":{"start":{"line":31,"column":13},"end":{"line":31,"column":14}},"loc":{"start":{"line":31,"column":24},"end":{"line":33,"column":7}},"line":31},"7":{"name":"(anonymous_7)","decl":{"start":{"line":36,"column":12},"end":{"line":36,"column":13}},"loc":{"start":{"line":36,"column":18},"end":{"line":42,"column":3}},"line":36},"8":{"name":"(anonymous_8)","decl":{"start":{"line":48,"column":49},"end":{"line":48,"column":50}},"loc":{"start":{"line":48,"column":63},"end":{"line":56,"column":51}},"line":48},"9":{"name":"(anonymous_9)","decl":{"start":{"line":49,"column":15},"end":{"line":49,"column":16}},"loc":{"start":{"line":49,"column":21},"end":{"line":52,"column":7}},"line":49}},"branchMap":{"0":{"loc":{"start":{"line":37,"column":4},"end":{"line":41,"column":5}},"type":"if","locations":[{"start":{"line":37,"column":4},"end":{"line":41,"column":5}},{"start":{"line":39,"column":11},"end":{"line":41,"column":5}}],"line":37},"1":{"loc":{"start":{"line":46,"column":7},"end":{"line":46,"column":81}},"type":"binary-expr","locations":[{"start":{"line":46,"column":7},"end":{"line":46,"column":18}},{"start":{"line":46,"column":22},"end":{"line":46,"column":81}}],"line":46},"2":{"loc":{"start":{"line":48,"column":8},"end":{"line":56,"column":59}},"type":"cond-expr","locations":[{"start":{"line":48,"column":31},"end":{"line":56,"column":52}},{"start":{"line":56,"column":55},"end":{"line":56,"column":59}}],"line":48},"3":{"loc":{"start":{"line":57,"column":16},"end":{"line":57,"column":114}},"type":"cond-expr","locations":[{"start":{"line":57,"column":52},"end":{"line":57,"column":91}},{"start":{"line":57,"column":94},"end":{"line":57,"column":114}}],"line":57},"4":{"loc":{"start":{"line":58,"column":21},"end":{"line":60,"column":48}},"type":"cond-expr","locations":[{"start":{"line":59,"column":10},"end":{"line":59,"column":99}},{"start":{"line":60,"column":10},"end":{"line":60,"column":48}}],"line":58}},"s":{"0":1,"1":0,"2":0,"3":0,"4":0,"5":0,"6":0,"7":0,"8":0,"9":0,"10":0,"11":0,"12":0,"13":0,"14":0,"15":0,"16":0,"17":0,"18":0,"19":0,"20":0,"21":0,"22":0,"23":0,"24":0},"f":{"0":0,"1":0,"2":0,"3":0,"4":0,"5":0,"6":0,"7":0,"8":0,"9":0},"b":{"0":[0,0],"1":[0,0],"2":[0,0],"3":[0,0],"4":[0,0]},"_coverageSchema":"1a1c01bbd47fc00a2c39e90264f33305004495a9","hash":"6ab9e85b50698eb89c1e5fd9fb8e333090a311e3"}
,"/Users/gabrieljimenez/hr-immersive-repos/fec-project/pp-atelier/client/src/components/q-a/AnswerModal.jsx": {"path":"/Users/gabrieljimenez/hr-immersive-repos/fec-project/pp-atelier/client/src/components/q-a/AnswerModal.jsx","statementMap":{"0":{"start":{"line":5,"column":21},"end":{"line":17,"column":1}},"1":{"start":{"line":19,"column":20},"end":{"line":25,"column":1}},"2":{"start":{"line":27,"column":19},"end":{"line":34,"column":1}},"3":{"start":{"line":36,"column":17},"end":{"line":42,"column":1}},"4":{"start":{"line":44,"column":15},"end":{"line":48,"column":1}},"5":{"start":{"line":50,"column":20},"end":{"line":55,"column":1}},"6":{"start":{"line":57,"column":17},"end":{"line":62,"column":1}},"7":{"start":{"line":64,"column":26},"end":{"line":69,"column":1}},"8":{"start":{"line":71,"column":22},"end":{"line":74,"column":1}},"9":{"start":{"line":76,"column":20},"end":{"line":153,"column":1}},"10":{"start":{"line":79,"column":26},"end":{"line":79,"column":38}},"11":{"start":{"line":80,"column":26},"end":{"line":80,"column":38}},"12":{"start":{"line":81,"column":28},"end":{"line":81,"column":40}},"13":{"start":{"line":82,"column":30},"end":{"line":82,"column":42}},"14":{"start":{"line":84,"column":23},"end":{"line":88,"column":3}},"15":{"start":{"line":85,"column":25},"end":{"line":85,"column":36}},"16":{"start":{"line":86,"column":4},"end":{"line":86,"column":30}},"17":{"start":{"line":87,"column":4},"end":{"line":87,"column":28}},"18":{"start":{"line":90,"column":21},"end":{"line":102,"column":3}},"19":{"start":{"line":91,"column":27},"end":{"line":91,"column":60}},"20":{"start":{"line":91,"column":52},"end":{"line":91,"column":59}},"21":{"start":{"line":92,"column":4},"end":{"line":101,"column":72}},"22":{"start":{"line":99,"column":8},"end":{"line":99,"column":22}},"23":{"start":{"line":101,"column":24},"end":{"line":101,"column":70}},"24":{"start":{"line":104,"column":2},"end":{"line":152,"column":4}},"25":{"start":{"line":105,"column":33},"end":{"line":105,"column":55}},"26":{"start":{"line":106,"column":34},"end":{"line":106,"column":53}},"27":{"start":{"line":107,"column":8},"end":{"line":107,"column":21}},"28":{"start":{"line":108,"column":8},"end":{"line":108,"column":31}},"29":{"start":{"line":111,"column":10},"end":{"line":111,"column":29}},"30":{"start":{"line":112,"column":10},"end":{"line":112,"column":33}},"31":{"start":{"line":120,"column":29},"end":{"line":120,"column":52}},"32":{"start":{"line":126,"column":51},"end":{"line":126,"column":74}},"33":{"start":{"line":129,"column":51},"end":{"line":129,"column":75}},"34":{"start":{"line":134,"column":77},"end":{"line":134,"column":108}},"35":{"start":{"line":137,"column":77},"end":{"line":137,"column":108}},"36":{"start":{"line":140,"column":77},"end":{"line":140,"column":108}},"37":{"start":{"line":143,"column":77},"end":{"line":143,"column":108}},"38":{"start":{"line":146,"column":77},"end":{"line":146,"column":108}}},"fnMap":{"0":{"name":"(anonymous_0)","decl":{"start":{"line":76,"column":20},"end":{"line":76,"column":21}},"loc":{"start":{"line":78,"column":6},"end":{"line":153,"column":1}},"line":78},"1":{"name":"(anonymous_1)","decl":{"start":{"line":84,"column":23},"end":{"line":84,"column":24}},"loc":{"start":{"line":84,"column":39},"end":{"line":88,"column":3}},"line":84},"2":{"name":"(anonymous_2)","decl":{"start":{"line":90,"column":21},"end":{"line":90,"column":22}},"loc":{"start":{"line":90,"column":27},"end":{"line":102,"column":3}},"line":90},"3":{"name":"(anonymous_3)","decl":{"start":{"line":91,"column":41},"end":{"line":91,"column":42}},"loc":{"start":{"line":91,"column":52},"end":{"line":91,"column":59}},"line":91},"4":{"name":"(anonymous_4)","decl":{"start":{"line":98,"column":12},"end":{"line":98,"column":13}},"loc":{"start":{"line":98,"column":18},"end":{"line":100,"column":7}},"line":98},"5":{"name":"(anonymous_5)","decl":{"start":{"line":101,"column":13},"end":{"line":101,"column":14}},"loc":{"start":{"line":101,"column":24},"end":{"line":101,"column":70}},"line":101},"6":{"name":"(anonymous_6)","decl":{"start":{"line":105,"column":27},"end":{"line":105,"column":28}},"loc":{"start":{"line":105,"column":33},"end":{"line":105,"column":55}},"line":105},"7":{"name":"(anonymous_7)","decl":{"start":{"line":106,"column":27},"end":{"line":106,"column":28}},"loc":{"start":{"line":106,"column":34},"end":{"line":106,"column":53}},"line":106},"8":{"name":"(anonymous_8)","decl":{"start":{"line":106,"column":65},"end":{"line":106,"column":66}},"loc":{"start":{"line":106,"column":71},"end":{"line":109,"column":7}},"line":106},"9":{"name":"(anonymous_9)","decl":{"start":{"line":110,"column":41},"end":{"line":110,"column":42}},"loc":{"start":{"line":110,"column":48},"end":{"line":113,"column":9}},"line":110},"10":{"name":"(anonymous_10)","decl":{"start":{"line":120,"column":22},"end":{"line":120,"column":23}},"loc":{"start":{"line":120,"column":29},"end":{"line":120,"column":52}},"line":120},"11":{"name":"(anonymous_11)","decl":{"start":{"line":126,"column":44},"end":{"line":126,"column":45}},"loc":{"start":{"line":126,"column":51},"end":{"line":126,"column":74}},"line":126},"12":{"name":"(anonymous_12)","decl":{"start":{"line":129,"column":44},"end":{"line":129,"column":45}},"loc":{"start":{"line":129,"column":51},"end":{"line":129,"column":75}},"line":129},"13":{"name":"(anonymous_13)","decl":{"start":{"line":134,"column":70},"end":{"line":134,"column":71}},"loc":{"start":{"line":134,"column":77},"end":{"line":134,"column":108}},"line":134},"14":{"name":"(anonymous_14)","decl":{"start":{"line":137,"column":70},"end":{"line":137,"column":71}},"loc":{"start":{"line":137,"column":77},"end":{"line":137,"column":108}},"line":137},"15":{"name":"(anonymous_15)","decl":{"start":{"line":140,"column":70},"end":{"line":140,"column":71}},"loc":{"start":{"line":140,"column":77},"end":{"line":140,"column":108}},"line":140},"16":{"name":"(anonymous_16)","decl":{"start":{"line":143,"column":70},"end":{"line":143,"column":71}},"loc":{"start":{"line":143,"column":77},"end":{"line":143,"column":108}},"line":143},"17":{"name":"(anonymous_17)","decl":{"start":{"line":146,"column":70},"end":{"line":146,"column":71}},"loc":{"start":{"line":146,"column":77},"end":{"line":146,"column":108}},"line":146}},"branchMap":{},"s":{"0":1,"1":1,"2":1,"3":1,"4":1,"5":1,"6":1,"7":1,"8":1,"9":1,"10":0,"11":0,"12":0,"13":0,"14":0,"15":0,"16":0,"17":0,"18":0,"19":0,"20":0,"21":0,"22":0,"23":0,"24":0,"25":0,"26":0,"27":0,"28":0,"29":0,"30":0,"31":0,"32":0,"33":0,"34":0,"35":0,"36":0,"37":0,"38":0},"f":{"0":0,"1":0,"2":0,"3":0,"4":0,"5":0,"6":0,"7":0,"8":0,"9":0,"10":0,"11":0,"12":0,"13":0,"14":0,"15":0,"16":0,"17":0},"b":{},"_coverageSchema":"1a1c01bbd47fc00a2c39e90264f33305004495a9","hash":"ebd22cbbdf6f8be6ef737d207a8dff14ac486494"}
,"/Users/gabrieljimenez/hr-immersive-repos/fec-project/pp-atelier/client/src/components/q-a/ImageModal.jsx": {"path":"/Users/gabrieljimenez/hr-immersive-repos/fec-project/pp-atelier/client/src/components/q-a/ImageModal.jsx","statementMap":{"0":{"start":{"line":4,"column":21},"end":{"line":16,"column":1}},"1":{"start":{"line":18,"column":22},"end":{"line":23,"column":1}},"2":{"start":{"line":25,"column":19},"end":{"line":29,"column":1}},"3":{"start":{"line":26,"column":2},"end":{"line":28,"column":19}},"4":{"start":{"line":26,"column":31},"end":{"line":26,"column":52}}},"fnMap":{"0":{"name":"(anonymous_0)","decl":{"start":{"line":25,"column":19},"end":{"line":25,"column":20}},"loc":{"start":{"line":26,"column":2},"end":{"line":28,"column":19}},"line":26},"1":{"name":"(anonymous_1)","decl":{"start":{"line":26,"column":25},"end":{"line":26,"column":26}},"loc":{"start":{"line":26,"column":31},"end":{"line":26,"column":52}},"line":26}},"branchMap":{},"s":{"0":1,"1":1,"2":1,"3":0,"4":0},"f":{"0":0,"1":0},"b":{},"_coverageSchema":"1a1c01bbd47fc00a2c39e90264f33305004495a9","hash":"17eca6f98e60edf0d17e44c9479209cfe9e043a2"}
,"/Users/gabrieljimenez/hr-immersive-repos/fec-project/pp-atelier/client/src/components/q-a/QaBody.jsx": {"path":"/Users/gabrieljimenez/hr-immersive-repos/fec-project/pp-atelier/client/src/components/q-a/QaBody.jsx","statementMap":{"0":{"start":{"line":7,"column":18},"end":{"line":16,"column":1}},"1":{"start":{"line":8,"column":28},"end":{"line":8,"column":50}},"2":{"start":{"line":9,"column":28},"end":{"line":9,"column":56}},"3":{"start":{"line":18,"column":20},"end":{"line":24,"column":1}},"4":{"start":{"line":19,"column":27},"end":{"line":19,"column":49}},"5":{"start":{"line":20,"column":27},"end":{"line":20,"column":54}},"6":{"start":{"line":26,"column":22},"end":{"line":30,"column":1}},"7":{"start":{"line":32,"column":19},"end":{"line":39,"column":1}},"8":{"start":{"line":41,"column":24},"end":{"line":46,"column":1}},"9":{"start":{"line":42,"column":27},"end":{"line":42,"column":49}},"10":{"start":{"line":43,"column":27},"end":{"line":43,"column":57}},"11":{"start":{"line":48,"column":15},"end":{"line":165,"column":1}},"12":{"start":{"line":49,"column":36},"end":{"line":49,"column":48}},"13":{"start":{"line":50,"column":44},"end":{"line":50,"column":56}},"14":{"start":{"line":51,"column":36},"end":{"line":51,"column":51}},"15":{"start":{"line":52,"column":48},"end":{"line":52,"column":63}},"16":{"start":{"line":53,"column":42},"end":{"line":53,"column":57}},"17":{"start":{"line":55,"column":50},"end":{"line":55,"column":62}},"18":{"start":{"line":57,"column":30},"end":{"line":65,"column":3}},"19":{"start":{"line":58,"column":29},"end":{"line":58,"column":96}},"20":{"start":{"line":58,"column":60},"end":{"line":58,"column":95}},"21":{"start":{"line":59,"column":4},"end":{"line":59,"column":35}},"22":{"start":{"line":60,"column":4},"end":{"line":64,"column":5}},"23":{"start":{"line":61,"column":6},"end":{"line":61,"column":53}},"24":{"start":{"line":63,"column":6},"end":{"line":63,"column":41}},"25":{"start":{"line":67,"column":23},"end":{"line":104,"column":3}},"26":{"start":{"line":68,"column":4},"end":{"line":103,"column":9}},"27":{"start":{"line":76,"column":31},"end":{"line":89,"column":111}},"28":{"start":{"line":76,"column":62},"end":{"line":89,"column":110}},"29":{"start":{"line":83,"column":36},"end":{"line":86,"column":13}},"30":{"start":{"line":87,"column":12},"end":{"line":87,"column":35}},"31":{"start":{"line":89,"column":28},"end":{"line":89,"column":109}},"32":{"start":{"line":90,"column":8},"end":{"line":99,"column":13}},"33":{"start":{"line":92,"column":12},"end":{"line":92,"column":43}},"34":{"start":{"line":93,"column":12},"end":{"line":98,"column":13}},"35":{"start":{"line":94,"column":14},"end":{"line":94,"column":49}},"36":{"start":{"line":96,"column":14},"end":{"line":96,"column":56}},"37":{"start":{"line":97,"column":14},"end":{"line":97,"column":61}},"38":{"start":{"line":102,"column":8},"end":{"line":102,"column":67}},"39":{"start":{"line":106,"column":28},"end":{"line":109,"column":3}},"40":{"start":{"line":107,"column":4},"end":{"line":107,"column":29}},"41":{"start":{"line":108,"column":4},"end":{"line":108,"column":32}},"42":{"start":{"line":111,"column":26},"end":{"line":122,"column":3}},"43":{"start":{"line":112,"column":4},"end":{"line":117,"column":5}},"44":{"start":{"line":113,"column":6},"end":{"line":113,"column":25}},"45":{"start":{"line":114,"column":27},"end":{"line":115,"column":53}},"46":{"start":{"line":114,"column":58},"end":{"line":115,"column":52}},"47":{"start":{"line":116,"column":6},"end":{"line":116,"column":37}},"48":{"start":{"line":118,"column":4},"end":{"line":121,"column":5}},"49":{"start":{"line":119,"column":6},"end":{"line":119,"column":26}},"50":{"start":{"line":120,"column":6},"end":{"line":120,"column":46}},"51":{"start":{"line":124,"column":32},"end":{"line":127,"column":3}},"52":{"start":{"line":125,"column":4},"end":{"line":125,"column":30}},"53":{"start":{"line":126,"column":4},"end":{"line":126,"column":44}},"54":{"start":{"line":129,"column":2},"end":{"line":131,"column":18}},"55":{"start":{"line":130,"column":4},"end":{"line":130,"column":19}},"56":{"start":{"line":133,"column":2},"end":{"line":139,"column":21}},"57":{"start":{"line":134,"column":4},"end":{"line":138,"column":5}},"58":{"start":{"line":135,"column":6},"end":{"line":135,"column":46}},"59":{"start":{"line":137,"column":6},"end":{"line":137,"column":44}},"60":{"start":{"line":141,"column":2},"end":{"line":164,"column":4}},"61":{"start":{"line":146,"column":82},"end":{"line":146,"column":113}},"62":{"start":{"line":147,"column":33},"end":{"line":147,"column":54}},"63":{"start":{"line":152,"column":10},"end":{"line":156,"column":28}}},"fnMap":{"0":{"name":"(anonymous_0)","decl":{"start":{"line":8,"column":17},"end":{"line":8,"column":18}},"loc":{"start":{"line":8,"column":28},"end":{"line":8,"column":50}},"line":8},"1":{"name":"(anonymous_1)","decl":{"start":{"line":9,"column":17},"end":{"line":9,"column":18}},"loc":{"start":{"line":9,"column":28},"end":{"line":9,"column":56}},"line":9},"2":{"name":"(anonymous_2)","decl":{"start":{"line":19,"column":16},"end":{"line":19,"column":17}},"loc":{"start":{"line":19,"column":27},"end":{"line":19,"column":49}},"line":19},"3":{"name":"(anonymous_3)","decl":{"start":{"line":20,"column":16},"end":{"line":20,"column":17}},"loc":{"start":{"line":20,"column":27},"end":{"line":20,"column":54}},"line":20},"4":{"name":"(anonymous_4)","decl":{"start":{"line":42,"column":16},"end":{"line":42,"column":17}},"loc":{"start":{"line":42,"column":27},"end":{"line":42,"column":49}},"line":42},"5":{"name":"(anonymous_5)","decl":{"start":{"line":43,"column":16},"end":{"line":43,"column":17}},"loc":{"start":{"line":43,"column":27},"end":{"line":43,"column":57}},"line":43},"6":{"name":"(anonymous_6)","decl":{"start":{"line":48,"column":15},"end":{"line":48,"column":16}},"loc":{"start":{"line":48,"column":50},"end":{"line":165,"column":1}},"line":48},"7":{"name":"(anonymous_7)","decl":{"start":{"line":57,"column":30},"end":{"line":57,"column":31}},"loc":{"start":{"line":57,"column":46},"end":{"line":65,"column":3}},"line":57},"8":{"name":"(anonymous_8)","decl":{"start":{"line":58,"column":46},"end":{"line":58,"column":47}},"loc":{"start":{"line":58,"column":60},"end":{"line":58,"column":95}},"line":58},"9":{"name":"(anonymous_9)","decl":{"start":{"line":67,"column":23},"end":{"line":67,"column":24}},"loc":{"start":{"line":67,"column":29},"end":{"line":104,"column":3}},"line":67},"10":{"name":"(anonymous_10)","decl":{"start":{"line":75,"column":12},"end":{"line":75,"column":13}},"loc":{"start":{"line":75,"column":25},"end":{"line":100,"column":7}},"line":75},"11":{"name":"(anonymous_11)","decl":{"start":{"line":76,"column":48},"end":{"line":76,"column":49}},"loc":{"start":{"line":76,"column":62},"end":{"line":89,"column":110}},"line":76},"12":{"name":"(anonymous_12)","decl":{"start":{"line":82,"column":16},"end":{"line":82,"column":17}},"loc":{"start":{"line":82,"column":30},"end":{"line":88,"column":11}},"line":82},"13":{"name":"(anonymous_13)","decl":{"start":{"line":89,"column":17},"end":{"line":89,"column":18}},"loc":{"start":{"line":89,"column":28},"end":{"line":89,"column":109}},"line":89},"14":{"name":"(anonymous_14)","decl":{"start":{"line":91,"column":16},"end":{"line":91,"column":17}},"loc":{"start":{"line":91,"column":38},"end":{"line":99,"column":11}},"line":91},"15":{"name":"(anonymous_15)","decl":{"start":{"line":101,"column":13},"end":{"line":101,"column":14}},"loc":{"start":{"line":101,"column":24},"end":{"line":103,"column":7}},"line":101},"16":{"name":"(anonymous_16)","decl":{"start":{"line":106,"column":28},"end":{"line":106,"column":29}},"loc":{"start":{"line":106,"column":34},"end":{"line":109,"column":3}},"line":106},"17":{"name":"(anonymous_17)","decl":{"start":{"line":111,"column":26},"end":{"line":111,"column":27}},"loc":{"start":{"line":111,"column":37},"end":{"line":122,"column":3}},"line":111},"18":{"name":"(anonymous_18)","decl":{"start":{"line":114,"column":44},"end":{"line":114,"column":45}},"loc":{"start":{"line":114,"column":58},"end":{"line":115,"column":52}},"line":114},"19":{"name":"(anonymous_19)","decl":{"start":{"line":124,"column":32},"end":{"line":124,"column":33}},"loc":{"start":{"line":124,"column":38},"end":{"line":127,"column":3}},"line":124},"20":{"name":"(anonymous_20)","decl":{"start":{"line":129,"column":12},"end":{"line":129,"column":13}},"loc":{"start":{"line":129,"column":18},"end":{"line":131,"column":3}},"line":129},"21":{"name":"(anonymous_21)","decl":{"start":{"line":133,"column":12},"end":{"line":133,"column":13}},"loc":{"start":{"line":133,"column":18},"end":{"line":139,"column":3}},"line":133},"22":{"name":"(anonymous_22)","decl":{"start":{"line":146,"column":75},"end":{"line":146,"column":76}},"loc":{"start":{"line":146,"column":82},"end":{"line":146,"column":113}},"line":146},"23":{"name":"(anonymous_23)","decl":{"start":{"line":147,"column":27},"end":{"line":147,"column":28}},"loc":{"start":{"line":147,"column":33},"end":{"line":147,"column":54}},"line":147},"24":{"name":"(anonymous_24)","decl":{"start":{"line":151,"column":46},"end":{"line":151,"column":47}},"loc":{"start":{"line":152,"column":10},"end":{"line":156,"column":28}},"line":152}},"branchMap":{"0":{"loc":{"start":{"line":60,"column":4},"end":{"line":64,"column":5}},"type":"if","locations":[{"start":{"line":60,"column":4},"end":{"line":64,"column":5}},{"start":{"line":62,"column":11},"end":{"line":64,"column":5}}],"line":60},"1":{"loc":{"start":{"line":93,"column":12},"end":{"line":98,"column":13}},"type":"if","locations":[{"start":{"line":93,"column":12},"end":{"line":98,"column":13}},{"start":{"line":95,"column":19},"end":{"line":98,"column":13}}],"line":93},"2":{"loc":{"start":{"line":112,"column":4},"end":{"line":117,"column":5}},"type":"if","locations":[{"start":{"line":112,"column":4},"end":{"line":117,"column":5}},{"start":{},"end":{}}],"line":112},"3":{"loc":{"start":{"line":118,"column":4},"end":{"line":121,"column":5}},"type":"if","locations":[{"start":{"line":118,"column":4},"end":{"line":121,"column":5}},{"start":{},"end":{}}],"line":118},"4":{"loc":{"start":{"line":134,"column":4},"end":{"line":138,"column":5}},"type":"if","locations":[{"start":{"line":134,"column":4},"end":{"line":138,"column":5}},{"start":{"line":136,"column":11},"end":{"line":138,"column":5}}],"line":134},"5":{"loc":{"start":{"line":143,"column":7},"end":{"line":144,"column":63}},"type":"binary-expr","locations":[{"start":{"line":143,"column":7},"end":{"line":143,"column":19}},{"start":{"line":143,"column":23},"end":{"line":144,"column":63}}],"line":143},"6":{"loc":{"start":{"line":148,"column":7},"end":{"line":149,"column":70}},"type":"binary-expr","locations":[{"start":{"line":148,"column":7},"end":{"line":148,"column":22}},{"start":{"line":148,"column":27},"end":{"line":149,"column":69}}],"line":148},"7":{"loc":{"start":{"line":151,"column":9},"end":{"line":157,"column":42}},"type":"cond-expr","locations":[{"start":{"line":151,"column":28},"end":{"line":157,"column":10}},{"start":{"line":157,"column":13},"end":{"line":157,"column":42}}],"line":151},"8":{"loc":{"start":{"line":159,"column":7},"end":{"line":162,"column":7}},"type":"binary-expr","locations":[{"start":{"line":159,"column":7},"end":{"line":159,"column":46}},{"start":{"line":159,"column":50},"end":{"line":159,"column":69}},{"start":{"line":159,"column":73},"end":{"line":159,"column":98}},{"start":{"line":161,"column":6},"end":{"line":161,"column":78}}],"line":159}},"s":{"0":1,"1":17,"2":17,"3":1,"4":17,"5":17,"6":1,"7":1,"8":1,"9":0,"10":0,"11":1,"12":17,"13":17,"14":17,"15":17,"16":17,"17":17,"18":17,"19":0,"20":0,"21":0,"22":0,"23":0,"24":0,"25":17,"26":11,"27":0,"28":0,"29":0,"30":0,"31":0,"32":0,"33":0,"34":0,"35":0,"36":0,"37":0,"38":0,"39":17,"40":0,"41":0,"42":17,"43":5,"44":5,"45":5,"46":0,"47":5,"48":5,"49":0,"50":0,"51":17,"52":0,"53":0,"54":17,"55":11,"56":17,"57":12,"58":1,"59":11,"60":17,"61":5,"62":1,"63":0},"f":{"0":17,"1":17,"2":17,"3":17,"4":0,"5":0,"6":17,"7":0,"8":0,"9":11,"10":0,"11":0,"12":0,"13":0,"14":0,"15":0,"16":0,"17":5,"18":0,"19":0,"20":11,"21":12,"22":5,"23":1,"24":0},"b":{"0":[0,0],"1":[0,0],"2":[5,0],"3":[0,5],"4":[1,11],"5":[17,1],"6":[17,0],"7":[0,17],"8":[17,0,0,0]},"_coverageSchema":"1a1c01bbd47fc00a2c39e90264f33305004495a9","hash":"170750acdb77b5301ad348f6b9a15c0b0f77f330"}
,"/Users/gabrieljimenez/hr-immersive-repos/fec-project/pp-atelier/client/src/components/q-a/QaSection.jsx": {"path":"/Users/gabrieljimenez/hr-immersive-repos/fec-project/pp-atelier/client/src/components/q-a/QaSection.jsx","statementMap":{"0":{"start":{"line":5,"column":14},"end":{"line":13,"column":1}},"1":{"start":{"line":15,"column":17},"end":{"line":19,"column":1}},"2":{"start":{"line":16,"column":28},"end":{"line":16,"column":50}},"3":{"start":{"line":17,"column":28},"end":{"line":17,"column":60}},"4":{"start":{"line":21,"column":22},"end":{"line":30,"column":1}},"5":{"start":{"line":32,"column":23},"end":{"line":52,"column":1}},"6":{"start":{"line":54,"column":18},"end":{"line":65,"column":1}},"7":{"start":{"line":55,"column":36},"end":{"line":55,"column":51}},"8":{"start":{"line":57,"column":2},"end":{"line":64,"column":4}}},"fnMap":{"0":{"name":"(anonymous_0)","decl":{"start":{"line":16,"column":17},"end":{"line":16,"column":18}},"loc":{"start":{"line":16,"column":28},"end":{"line":16,"column":50}},"line":16},"1":{"name":"(anonymous_1)","decl":{"start":{"line":17,"column":17},"end":{"line":17,"column":18}},"loc":{"start":{"line":17,"column":28},"end":{"line":17,"column":60}},"line":17},"2":{"name":"(anonymous_2)","decl":{"start":{"line":54,"column":18},"end":{"line":54,"column":19}},"loc":{"start":{"line":54,"column":24},"end":{"line":65,"column":1}},"line":54}},"branchMap":{},"s":{"0":1,"1":1,"2":8,"3":8,"4":1,"5":1,"6":1,"7":8,"8":8},"f":{"0":8,"1":8,"2":8},"b":{},"_coverageSchema":"1a1c01bbd47fc00a2c39e90264f33305004495a9","hash":"b6c9cfd9fbf09f65bd80e4cc0f47dba544ab2f98"}
,"/Users/gabrieljimenez/hr-immersive-repos/fec-project/pp-atelier/client/src/components/q-a/Question.jsx": {"path":"/Users/gabrieljimenez/hr-immersive-repos/fec-project/pp-atelier/client/src/components/q-a/Question.jsx","statementMap":{"0":{"start":{"line":7,"column":22},"end":{"line":9,"column":1}},"1":{"start":{"line":11,"column":18},"end":{"line":13,"column":1}},"2":{"start":{"line":15,"column":32},"end":{"line":20,"column":1}},"3":{"start":{"line":22,"column":23},"end":{"line":26,"column":1}},"4":{"start":{"line":28,"column":30},"end":{"line":33,"column":1}},"5":{"start":{"line":35,"column":17},"end":{"line":167,"column":1}},"6":{"start":{"line":38,"column":32},"end":{"line":38,"column":44}},"7":{"start":{"line":39,"column":40},"end":{"line":39,"column":52}},"8":{"start":{"line":40,"column":44},"end":{"line":40,"column":59}},"9":{"start":{"line":41,"column":46},"end":{"line":41,"column":58}},"10":{"start":{"line":42,"column":42},"end":{"line":42,"column":57}},"11":{"start":{"line":73,"column":26},"end":{"line":76,"column":3}},"12":{"start":{"line":74,"column":4},"end":{"line":74,"column":27}},"13":{"start":{"line":75,"column":4},"end":{"line":75,"column":28}},"14":{"start":{"line":78,"column":31},"end":{"line":81,"column":3}},"15":{"start":{"line":79,"column":4},"end":{"line":79,"column":28}},"16":{"start":{"line":80,"column":4},"end":{"line":80,"column":40}},"17":{"start":{"line":83,"column":36},"end":{"line":91,"column":3}},"18":{"start":{"line":84,"column":23},"end":{"line":84,"column":43}},"19":{"start":{"line":85,"column":4},"end":{"line":90,"column":84}},"20":{"start":{"line":87,"column":8},"end":{"line":87,"column":63}},"21":{"start":{"line":88,"column":8},"end":{"line":88,"column":24}},"22":{"start":{"line":90,"column":24},"end":{"line":90,"column":82}},"23":{"start":{"line":93,"column":25},"end":{"line":102,"column":3}},"24":{"start":{"line":94,"column":23},"end":{"line":94,"column":43}},"25":{"start":{"line":95,"column":4},"end":{"line":101,"column":9}},"26":{"start":{"line":97,"column":8},"end":{"line":97,"column":40}},"27":{"start":{"line":100,"column":8},"end":{"line":100,"column":55}},"28":{"start":{"line":104,"column":28},"end":{"line":112,"column":3}},"29":{"start":{"line":105,"column":27},"end":{"line":105,"column":84}},"30":{"start":{"line":105,"column":54},"end":{"line":105,"column":83}},"31":{"start":{"line":106,"column":4},"end":{"line":106,"column":31}},"32":{"start":{"line":107,"column":4},"end":{"line":111,"column":5}},"33":{"start":{"line":108,"column":6},"end":{"line":108,"column":49}},"34":{"start":{"line":110,"column":6},"end":{"line":110,"column":37}},"35":{"start":{"line":114,"column":2},"end":{"line":121,"column":29}},"36":{"start":{"line":115,"column":4},"end":{"line":115,"column":37}},"37":{"start":{"line":116,"column":4},"end":{"line":120,"column":5}},"38":{"start":{"line":117,"column":6},"end":{"line":117,"column":43}},"39":{"start":{"line":119,"column":6},"end":{"line":119,"column":55}},"40":{"start":{"line":123,"column":2},"end":{"line":129,"column":21}},"41":{"start":{"line":124,"column":4},"end":{"line":128,"column":5}},"42":{"start":{"line":125,"column":6},"end":{"line":125,"column":46}},"43":{"start":{"line":127,"column":6},"end":{"line":127,"column":44}},"44":{"start":{"line":131,"column":2},"end":{"line":166,"column":4}},"45":{"start":{"line":146,"column":37},"end":{"line":146,"column":58}},"46":{"start":{"line":149,"column":12},"end":{"line":156,"column":28}}},"fnMap":{"0":{"name":"(anonymous_0)","decl":{"start":{"line":35,"column":17},"end":{"line":35,"column":18}},"loc":{"start":{"line":37,"column":6},"end":{"line":167,"column":1}},"line":37},"1":{"name":"(anonymous_1)","decl":{"start":{"line":73,"column":26},"end":{"line":73,"column":27}},"loc":{"start":{"line":73,"column":32},"end":{"line":76,"column":3}},"line":73},"2":{"name":"(anonymous_2)","decl":{"start":{"line":78,"column":31},"end":{"line":78,"column":32}},"loc":{"start":{"line":78,"column":37},"end":{"line":81,"column":3}},"line":78},"3":{"name":"(anonymous_3)","decl":{"start":{"line":83,"column":36},"end":{"line":83,"column":37}},"loc":{"start":{"line":83,"column":42},"end":{"line":91,"column":3}},"line":83},"4":{"name":"(anonymous_4)","decl":{"start":{"line":86,"column":12},"end":{"line":86,"column":13}},"loc":{"start":{"line":86,"column":18},"end":{"line":89,"column":7}},"line":86},"5":{"name":"(anonymous_5)","decl":{"start":{"line":90,"column":13},"end":{"line":90,"column":14}},"loc":{"start":{"line":90,"column":24},"end":{"line":90,"column":82}},"line":90},"6":{"name":"(anonymous_6)","decl":{"start":{"line":93,"column":25},"end":{"line":93,"column":26}},"loc":{"start":{"line":93,"column":31},"end":{"line":102,"column":3}},"line":93},"7":{"name":"(anonymous_7)","decl":{"start":{"line":96,"column":12},"end":{"line":96,"column":13}},"loc":{"start":{"line":96,"column":18},"end":{"line":98,"column":7}},"line":96},"8":{"name":"(anonymous_8)","decl":{"start":{"line":99,"column":13},"end":{"line":99,"column":14}},"loc":{"start":{"line":99,"column":24},"end":{"line":101,"column":7}},"line":99},"9":{"name":"(anonymous_9)","decl":{"start":{"line":104,"column":28},"end":{"line":104,"column":29}},"loc":{"start":{"line":104,"column":42},"end":{"line":112,"column":3}},"line":104},"10":{"name":"(anonymous_10)","decl":{"start":{"line":105,"column":42},"end":{"line":105,"column":43}},"loc":{"start":{"line":105,"column":54},"end":{"line":105,"column":83}},"line":105},"11":{"name":"(anonymous_11)","decl":{"start":{"line":114,"column":12},"end":{"line":114,"column":13}},"loc":{"start":{"line":114,"column":18},"end":{"line":121,"column":3}},"line":114},"12":{"name":"(anonymous_12)","decl":{"start":{"line":123,"column":12},"end":{"line":123,"column":13}},"loc":{"start":{"line":123,"column":18},"end":{"line":129,"column":3}},"line":123},"13":{"name":"(anonymous_13)","decl":{"start":{"line":146,"column":31},"end":{"line":146,"column":32}},"loc":{"start":{"line":146,"column":37},"end":{"line":146,"column":58}},"line":146},"14":{"name":"(anonymous_14)","decl":{"start":{"line":148,"column":57},"end":{"line":148,"column":58}},"loc":{"start":{"line":149,"column":12},"end":{"line":156,"column":28}},"line":149}},"branchMap":{"0":{"loc":{"start":{"line":107,"column":4},"end":{"line":111,"column":5}},"type":"if","locations":[{"start":{"line":107,"column":4},"end":{"line":111,"column":5}},{"start":{"line":109,"column":11},"end":{"line":111,"column":5}}],"line":107},"1":{"loc":{"start":{"line":116,"column":4},"end":{"line":120,"column":5}},"type":"if","locations":[{"start":{"line":116,"column":4},"end":{"line":120,"column":5}},{"start":{"line":118,"column":11},"end":{"line":120,"column":5}}],"line":116},"2":{"loc":{"start":{"line":124,"column":4},"end":{"line":128,"column":5}},"type":"if","locations":[{"start":{"line":124,"column":4},"end":{"line":128,"column":5}},{"start":{"line":126,"column":11},"end":{"line":128,"column":5}}],"line":124},"3":{"loc":{"start":{"line":133,"column":7},"end":{"line":134,"column":99}},"type":"binary-expr","locations":[{"start":{"line":133,"column":7},"end":{"line":133,"column":19}},{"start":{"line":133,"column":23},"end":{"line":134,"column":99}}],"line":133},"4":{"loc":{"start":{"line":138,"column":27},"end":{"line":141,"column":65}},"type":"cond-expr","locations":[{"start":{"line":139,"column":16},"end":{"line":140,"column":67}},{"start":{"line":141,"column":16},"end":{"line":141,"column":65}}],"line":138},"5":{"loc":{"start":{"line":148,"column":11},"end":{"line":157,"column":38}},"type":"cond-expr","locations":[{"start":{"line":148,"column":41},"end":{"line":157,"column":12}},{"start":{"line":157,"column":15},"end":{"line":157,"column":38}}],"line":148},"6":{"loc":{"start":{"line":159,"column":9},"end":{"line":161,"column":9}},"type":"binary-expr","locations":[{"start":{"line":159,"column":9},"end":{"line":159,"column":44}},{"start":{"line":159,"column":48},"end":{"line":159,"column":62}},{"start":{"line":160,"column":8},"end":{"line":160,"column":84}}],"line":159},"7":{"loc":{"start":{"line":162,"column":9},"end":{"line":164,"column":9}},"type":"binary-expr","locations":[{"start":{"line":162,"column":9},"end":{"line":162,"column":22}},{"start":{"line":163,"column":10},"end":{"line":163,"column":95}}],"line":162}},"s":{"0":1,"1":1,"2":1,"3":1,"4":1,"5":1,"6":0,"7":0,"8":0,"9":0,"10":0,"11":0,"12":0,"13":0,"14":0,"15":0,"16":0,"17":0,"18":0,"19":0,"20":0,"21":0,"22":0,"23":0,"24":0,"25":0,"26":0,"27":0,"28":0,"29":0,"30":0,"31":0,"32":0,"33":0,"34":0,"35":0,"36":0,"37":0,"38":0,"39":0,"40":0,"41":0,"42":0,"43":0,"44":0,"45":0,"46":0},"f":{"0":0,"1":0,"2":0,"3":0,"4":0,"5":0,"6":0,"7":0,"8":0,"9":0,"10":0,"11":0,"12":0,"13":0,"14":0},"b":{"0":[0,0],"1":[0,0],"2":[0,0],"3":[0,0],"4":[0,0],"5":[0,0],"6":[0,0,0],"7":[0,0]},"_coverageSchema":"1a1c01bbd47fc00a2c39e90264f33305004495a9","hash":"0761dd4db59d37b8247d5e6cd517f5c1977b49a4"}
,"/Users/gabrieljimenez/hr-immersive-repos/fec-project/pp-atelier/client/src/components/q-a/QuestionModal.jsx": {"path":"/Users/gabrieljimenez/hr-immersive-repos/fec-project/pp-atelier/client/src/components/q-a/QuestionModal.jsx","statementMap":{"0":{"start":{"line":5,"column":21},"end":{"line":18,"column":1}},"1":{"start":{"line":20,"column":21},"end":{"line":28,"column":1}},"2":{"start":{"line":30,"column":17},"end":{"line":36,"column":1}},"3":{"start":{"line":38,"column":18},"end":{"line":44,"column":1}},"4":{"start":{"line":46,"column":21},"end":{"line":55,"column":1}},"5":{"start":{"line":57,"column":17},"end":{"line":65,"column":1}},"6":{"start":{"line":67,"column":22},"end":{"line":111,"column":1}},"7":{"start":{"line":68,"column":26},"end":{"line":68,"column":38}},"8":{"start":{"line":69,"column":26},"end":{"line":69,"column":38}},"9":{"start":{"line":70,"column":28},"end":{"line":70,"column":40}},"10":{"start":{"line":72,"column":23},"end":{"line":85,"column":3}},"11":{"start":{"line":73,"column":4},"end":{"line":84,"column":9}},"12":{"start":{"line":80,"column":8},"end":{"line":80,"column":24}},"13":{"start":{"line":83,"column":8},"end":{"line":83,"column":68}},"14":{"start":{"line":87,"column":2},"end":{"line":110,"column":4}},"15":{"start":{"line":88,"column":33},"end":{"line":88,"column":55}},"16":{"start":{"line":89,"column":36},"end":{"line":89,"column":55}},"17":{"start":{"line":90,"column":8},"end":{"line":90,"column":23}},"18":{"start":{"line":91,"column":8},"end":{"line":91,"column":31}},"19":{"start":{"line":94,"column":10},"end":{"line":94,"column":29}},"20":{"start":{"line":95,"column":10},"end":{"line":95,"column":33}},"21":{"start":{"line":99,"column":41},"end":{"line":99,"column":64}},"22":{"start":{"line":102,"column":49},"end":{"line":102,"column":72}},"23":{"start":{"line":105,"column":49},"end":{"line":105,"column":73}}},"fnMap":{"0":{"name":"(anonymous_0)","decl":{"start":{"line":67,"column":22},"end":{"line":67,"column":23}},"loc":{"start":{"line":67,"column":72},"end":{"line":111,"column":1}},"line":67},"1":{"name":"(anonymous_1)","decl":{"start":{"line":72,"column":23},"end":{"line":72,"column":24}},"loc":{"start":{"line":72,"column":29},"end":{"line":85,"column":3}},"line":72},"2":{"name":"(anonymous_2)","decl":{"start":{"line":79,"column":12},"end":{"line":79,"column":13}},"loc":{"start":{"line":79,"column":18},"end":{"line":81,"column":7}},"line":79},"3":{"name":"(anonymous_3)","decl":{"start":{"line":82,"column":13},"end":{"line":82,"column":14}},"loc":{"start":{"line":82,"column":24},"end":{"line":84,"column":7}},"line":82},"4":{"name":"(anonymous_4)","decl":{"start":{"line":88,"column":27},"end":{"line":88,"column":28}},"loc":{"start":{"line":88,"column":33},"end":{"line":88,"column":55}},"line":88},"5":{"name":"(anonymous_5)","decl":{"start":{"line":89,"column":29},"end":{"line":89,"column":30}},"loc":{"start":{"line":89,"column":36},"end":{"line":89,"column":55}},"line":89},"6":{"name":"(anonymous_6)","decl":{"start":{"line":89,"column":67},"end":{"line":89,"column":68}},"loc":{"start":{"line":89,"column":73},"end":{"line":92,"column":7}},"line":89},"7":{"name":"(anonymous_7)","decl":{"start":{"line":93,"column":41},"end":{"line":93,"column":42}},"loc":{"start":{"line":93,"column":48},"end":{"line":96,"column":9}},"line":93},"8":{"name":"(anonymous_8)","decl":{"start":{"line":99,"column":34},"end":{"line":99,"column":35}},"loc":{"start":{"line":99,"column":41},"end":{"line":99,"column":64}},"line":99},"9":{"name":"(anonymous_9)","decl":{"start":{"line":102,"column":42},"end":{"line":102,"column":43}},"loc":{"start":{"line":102,"column":49},"end":{"line":102,"column":72}},"line":102},"10":{"name":"(anonymous_10)","decl":{"start":{"line":105,"column":42},"end":{"line":105,"column":43}},"loc":{"start":{"line":105,"column":49},"end":{"line":105,"column":73}},"line":105}},"branchMap":{},"s":{"0":1,"1":1,"2":1,"3":1,"4":1,"5":1,"6":1,"7":1,"8":1,"9":1,"10":1,"11":0,"12":0,"13":0,"14":1,"15":0,"16":0,"17":0,"18":0,"19":0,"20":0,"21":0,"22":0,"23":0},"f":{"0":1,"1":0,"2":0,"3":0,"4":0,"5":0,"6":0,"7":0,"8":0,"9":0,"10":0},"b":{},"_coverageSchema":"1a1c01bbd47fc00a2c39e90264f33305004495a9","hash":"2029b049211a8d8697117eb2fc2827aa61e61ffe"}
}
