{"/Users/dylanwilliams/FEC/pp-atelier/client/src/components/Ratings-Reviews/AddreviewModal/AddReviewModalMain.jsx": {"path":"/Users/dylanwilliams/FEC/pp-atelier/client/src/components/Ratings-Reviews/AddreviewModal/AddReviewModalMain.jsx","statementMap":{"0":{"start":{"line":13,"column":21},"end":{"line":23,"column":1}},"1":{"start":{"line":25,"column":23},"end":{"line":35,"column":1}},"2":{"start":{"line":37,"column":14},"end":{"line":43,"column":1}},"3":{"start":{"line":45,"column":23},"end":{"line":49,"column":1}},"4":{"start":{"line":51,"column":15},"end":{"line":67,"column":4}},"5":{"start":{"line":69,"column":27},"end":{"line":134,"column":1}},"6":{"start":{"line":70,"column":34},"end":{"line":78,"column":4}},"7":{"start":{"line":80,"column":48},"end":{"line":80,"column":60}},"8":{"start":{"line":82,"column":31},"end":{"line":89,"column":3}},"9":{"start":{"line":83,"column":28},"end":{"line":83,"column":40}},"10":{"start":{"line":84,"column":22},"end":{"line":84,"column":27}},"11":{"start":{"line":85,"column":4},"end":{"line":87,"column":5}},"12":{"start":{"line":86,"column":6},"end":{"line":86,"column":39}},"13":{"start":{"line":88,"column":4},"end":{"line":88,"column":70}},"14":{"start":{"line":88,"column":31},"end":{"line":88,"column":67}},"15":{"start":{"line":91,"column":28},"end":{"line":99,"column":3}},"16":{"start":{"line":92,"column":4},"end":{"line":98,"column":9}},"17":{"start":{"line":94,"column":8},"end":{"line":94,"column":70}},"18":{"start":{"line":97,"column":8},"end":{"line":97,"column":56}},"19":{"start":{"line":101,"column":2},"end":{"line":133,"column":4}}},"fnMap":{"0":{"name":"(anonymous_0)","decl":{"start":{"line":69,"column":27},"end":{"line":69,"column":28}},"loc":{"start":{"line":69,"column":45},"end":{"line":134,"column":1}},"line":69},"1":{"name":"(anonymous_1)","decl":{"start":{"line":82,"column":31},"end":{"line":82,"column":32}},"loc":{"start":{"line":82,"column":42},"end":{"line":89,"column":3}},"line":82},"2":{"name":"(anonymous_2)","decl":{"start":{"line":88,"column":16},"end":{"line":88,"column":17}},"loc":{"start":{"line":88,"column":31},"end":{"line":88,"column":67}},"line":88},"3":{"name":"(anonymous_3)","decl":{"start":{"line":91,"column":28},"end":{"line":91,"column":29}},"loc":{"start":{"line":91,"column":34},"end":{"line":99,"column":3}},"line":91},"4":{"name":"(anonymous_4)","decl":{"start":{"line":93,"column":12},"end":{"line":93,"column":13}},"loc":{"start":{"line":93,"column":26},"end":{"line":95,"column":7}},"line":93},"5":{"name":"(anonymous_5)","decl":{"start":{"line":96,"column":13},"end":{"line":96,"column":14}},"loc":{"start":{"line":96,"column":22},"end":{"line":98,"column":7}},"line":96}},"branchMap":{"0":{"loc":{"start":{"line":85,"column":4},"end":{"line":87,"column":5}},"type":"if","locations":[{"start":{"line":85,"column":4},"end":{"line":87,"column":5}},{"start":{},"end":{}}],"line":85}},"s":{"0":1,"1":1,"2":1,"3":1,"4":1,"5":1,"6":2,"7":2,"8":2,"9":0,"10":0,"11":0,"12":0,"13":0,"14":0,"15":2,"16":1,"17":1,"18":0,"19":2},"f":{"0":2,"1":0,"2":0,"3":1,"4":1,"5":0},"b":{"0":[0,0]},"_coverageSchema":"1a1c01bbd47fc00a2c39e90264f33305004495a9","hash":"f381788b7934769e13b6d5d7a2d7b54adcff5016"}
,"/Users/dylanwilliams/FEC/pp-atelier/client/src/components/Ratings-Reviews/AddreviewModal/DisplayName.jsx": {"path":"/Users/dylanwilliams/FEC/pp-atelier/client/src/components/Ratings-Reviews/AddreviewModal/DisplayName.jsx","statementMap":{"0":{"start":{"line":4,"column":18},"end":{"line":7,"column":1}},"1":{"start":{"line":9,"column":14},"end":{"line":17,"column":1}},"2":{"start":{"line":19,"column":20},"end":{"line":22,"column":1}},"3":{"start":{"line":24,"column":20},"end":{"line":34,"column":1}},"4":{"start":{"line":25,"column":4},"end":{"line":33,"column":14}}},"fnMap":{"0":{"name":"(anonymous_0)","decl":{"start":{"line":24,"column":20},"end":{"line":24,"column":21}},"loc":{"start":{"line":25,"column":4},"end":{"line":33,"column":14}},"line":25}},"branchMap":{},"s":{"0":1,"1":1,"2":1,"3":1,"4":3},"f":{"0":3},"b":{},"_coverageSchema":"1a1c01bbd47fc00a2c39e90264f33305004495a9","hash":"3916ecda6209991d408b9d12a7eb86ca55c93057"}
,"/Users/dylanwilliams/FEC/pp-atelier/client/src/components/Ratings-Reviews/AddreviewModal/DoYouRecommend.jsx": {"path":"/Users/dylanwilliams/FEC/pp-atelier/client/src/components/Ratings-Reviews/AddreviewModal/DoYouRecommend.jsx","statementMap":{"0":{"start":{"line":4,"column":18},"end":{"line":9,"column":1}},"1":{"start":{"line":11,"column":20},"end":{"line":16,"column":1}},"2":{"start":{"line":18,"column":19},"end":{"line":20,"column":1}},"3":{"start":{"line":22,"column":23},"end":{"line":43,"column":1}},"4":{"start":{"line":23,"column":4},"end":{"line":42,"column":16}}},"fnMap":{"0":{"name":"(anonymous_0)","decl":{"start":{"line":22,"column":23},"end":{"line":22,"column":24}},"loc":{"start":{"line":23,"column":4},"end":{"line":42,"column":16}},"line":23}},"branchMap":{},"s":{"0":1,"1":1,"2":1,"3":1,"4":5},"f":{"0":5},"b":{},"_coverageSchema":"1a1c01bbd47fc00a2c39e90264f33305004495a9","hash":"4c7aa003ae4913282476b552700e3aa837ecc4ac"}
,"/Users/dylanwilliams/FEC/pp-atelier/client/src/components/Ratings-Reviews/AddreviewModal/OverallStarRating.jsx": {"path":"/Users/dylanwilliams/FEC/pp-atelier/client/src/components/Ratings-Reviews/AddreviewModal/OverallStarRating.jsx","statementMap":{"0":{"start":{"line":4,"column":17},"end":{"line":10,"column":1}},"1":{"start":{"line":6,"column":26},"end":{"line":6,"column":58}},"2":{"start":{"line":8,"column":44},"end":{"line":8,"column":76}},"3":{"start":{"line":12,"column":26},"end":{"line":43,"column":1}},"4":{"start":{"line":13,"column":22},"end":{"line":20,"column":3}},"5":{"start":{"line":14,"column":4},"end":{"line":19,"column":7}},"6":{"start":{"line":22,"column":2},"end":{"line":42,"column":4}},"7":{"start":{"line":25,"column":6},"end":{"line":32,"column":15}},"8":{"start":{"line":29,"column":21},"end":{"line":29,"column":39}}},"fnMap":{"0":{"name":"(anonymous_0)","decl":{"start":{"line":6,"column":9},"end":{"line":6,"column":10}},"loc":{"start":{"line":6,"column":26},"end":{"line":6,"column":58}},"line":6},"1":{"name":"(anonymous_1)","decl":{"start":{"line":8,"column":27},"end":{"line":8,"column":28}},"loc":{"start":{"line":8,"column":44},"end":{"line":8,"column":76}},"line":8},"2":{"name":"(anonymous_2)","decl":{"start":{"line":12,"column":26},"end":{"line":12,"column":27}},"loc":{"start":{"line":12,"column":58},"end":{"line":43,"column":1}},"line":12},"3":{"name":"(anonymous_3)","decl":{"start":{"line":13,"column":22},"end":{"line":13,"column":23}},"loc":{"start":{"line":13,"column":33},"end":{"line":20,"column":3}},"line":13},"4":{"name":"(anonymous_4)","decl":{"start":{"line":24,"column":25},"end":{"line":24,"column":26}},"loc":{"start":{"line":25,"column":6},"end":{"line":32,"column":15}},"line":25},"5":{"name":"(anonymous_5)","decl":{"start":{"line":29,"column":15},"end":{"line":29,"column":16}},"loc":{"start":{"line":29,"column":21},"end":{"line":29,"column":39}},"line":29}},"branchMap":{"0":{"loc":{"start":{"line":6,"column":26},"end":{"line":6,"column":58}},"type":"cond-expr","locations":[{"start":{"line":6,"column":35},"end":{"line":6,"column":44}},{"start":{"line":6,"column":47},"end":{"line":6,"column":58}}],"line":6},"1":{"loc":{"start":{"line":8,"column":44},"end":{"line":8,"column":76}},"type":"cond-expr","locations":[{"start":{"line":8,"column":53},"end":{"line":8,"column":63}},{"start":{"line":8,"column":66},"end":{"line":8,"column":76}}],"line":8},"2":{"loc":{"start":{"line":28,"column":46},"end":{"line":28,"column":86}},"type":"cond-expr","locations":[{"start":{"line":28,"column":73},"end":{"line":28,"column":81}},{"start":{"line":28,"column":84},"end":{"line":28,"column":86}}],"line":28},"3":{"loc":{"start":{"line":35,"column":9},"end":{"line":35,"column":40}},"type":"binary-expr","locations":[{"start":{"line":35,"column":9},"end":{"line":35,"column":30}},{"start":{"line":35,"column":34},"end":{"line":35,"column":40}}],"line":35},"4":{"loc":{"start":{"line":36,"column":9},"end":{"line":36,"column":40}},"type":"binary-expr","locations":[{"start":{"line":36,"column":9},"end":{"line":36,"column":30}},{"start":{"line":36,"column":34},"end":{"line":36,"column":40}}],"line":36},"5":{"loc":{"start":{"line":37,"column":9},"end":{"line":37,"column":43}},"type":"binary-expr","locations":[{"start":{"line":37,"column":9},"end":{"line":37,"column":30}},{"start":{"line":37,"column":34},"end":{"line":37,"column":43}}],"line":37},"6":{"loc":{"start":{"line":38,"column":9},"end":{"line":38,"column":40}},"type":"binary-expr","locations":[{"start":{"line":38,"column":9},"end":{"line":38,"column":30}},{"start":{"line":38,"column":34},"end":{"line":38,"column":40}}],"line":38},"7":{"loc":{"start":{"line":39,"column":9},"end":{"line":39,"column":41}},"type":"binary-expr","locations":[{"start":{"line":39,"column":9},"end":{"line":39,"column":30}},{"start":{"line":39,"column":34},"end":{"line":39,"column":41}}],"line":39}},"s":{"0":1,"1":15,"2":15,"3":1,"4":3,"5":0,"6":3,"7":15,"8":0},"f":{"0":15,"1":15,"2":3,"3":0,"4":15,"5":0},"b":{"0":[0,15],"1":[0,15],"2":[0,15],"3":[3,0],"4":[3,0],"5":[3,0],"6":[3,0],"7":[3,0]},"_coverageSchema":"1a1c01bbd47fc00a2c39e90264f33305004495a9","hash":"2a4b3a446ca1c41fc44e6047bc7b6a196ee120ea"}
,"/Users/dylanwilliams/FEC/pp-atelier/client/src/components/Ratings-Reviews/AddreviewModal/ProductCharacteristics.jsx": {"path":"/Users/dylanwilliams/FEC/pp-atelier/client/src/components/Ratings-Reviews/AddreviewModal/ProductCharacteristics.jsx","statementMap":{"0":{"start":{"line":4,"column":33},"end":{"line":8,"column":1}},"1":{"start":{"line":10,"column":30},"end":{"line":17,"column":1}},"2":{"start":{"line":19,"column":28},"end":{"line":26,"column":1}},"3":{"start":{"line":28,"column":29},"end":{"line":33,"column":1}},"4":{"start":{"line":35,"column":25},"end":{"line":42,"column":1}},"5":{"start":{"line":44,"column":31},"end":{"line":47,"column":1}},"6":{"start":{"line":49,"column":20},"end":{"line":49,"column":59}},"7":{"start":{"line":51,"column":31},"end":{"line":135,"column":1}},"8":{"start":{"line":52,"column":19},"end":{"line":95,"column":3}},"9":{"start":{"line":97,"column":28},"end":{"line":100,"column":3}},"10":{"start":{"line":98,"column":28},"end":{"line":98,"column":40}},"11":{"start":{"line":99,"column":4},"end":{"line":99,"column":95}},"12":{"start":{"line":99,"column":34},"end":{"line":99,"column":92}},"13":{"start":{"line":102,"column":31},"end":{"line":128,"column":3}},"14":{"start":{"line":103,"column":4},"end":{"line":127,"column":5}},"15":{"start":{"line":104,"column":6},"end":{"line":126,"column":8}},"16":{"start":{"line":113,"column":12},"end":{"line":123,"column":29}},"17":{"start":{"line":130,"column":2},"end":{"line":134,"column":4}},"18":{"start":{"line":132,"column":54},"end":{"line":132,"column":86}}},"fnMap":{"0":{"name":"(anonymous_0)","decl":{"start":{"line":51,"column":31},"end":{"line":51,"column":32}},"loc":{"start":{"line":51,"column":97},"end":{"line":135,"column":1}},"line":51},"1":{"name":"(anonymous_1)","decl":{"start":{"line":97,"column":28},"end":{"line":97,"column":29}},"loc":{"start":{"line":97,"column":39},"end":{"line":100,"column":3}},"line":97},"2":{"name":"(anonymous_2)","decl":{"start":{"line":99,"column":23},"end":{"line":99,"column":24}},"loc":{"start":{"line":99,"column":34},"end":{"line":99,"column":92}},"line":99},"3":{"name":"(anonymous_3)","decl":{"start":{"line":102,"column":31},"end":{"line":102,"column":32}},"loc":{"start":{"line":102,"column":58},"end":{"line":128,"column":3}},"line":102},"4":{"name":"(anonymous_4)","decl":{"start":{"line":112,"column":46},"end":{"line":112,"column":47}},"loc":{"start":{"line":113,"column":12},"end":{"line":123,"column":29}},"line":113},"5":{"name":"(anonymous_5)","decl":{"start":{"line":132,"column":36},"end":{"line":132,"column":37}},"loc":{"start":{"line":132,"column":54},"end":{"line":132,"column":86}},"line":132}},"branchMap":{"0":{"loc":{"start":{"line":103,"column":4},"end":{"line":127,"column":5}},"type":"if","locations":[{"start":{"line":103,"column":4},"end":{"line":127,"column":5}},{"start":{},"end":{}}],"line":103},"1":{"loc":{"start":{"line":108,"column":13},"end":{"line":110,"column":31}},"type":"cond-expr","locations":[{"start":{"line":109,"column":16},"end":{"line":109,"column":145}},{"start":{"line":110,"column":16},"end":{"line":110,"column":31}}],"line":108}},"s":{"0":1,"1":1,"2":1,"3":1,"4":1,"5":1,"6":1,"7":1,"8":4,"9":4,"10":1,"11":1,"12":0,"13":4,"14":24,"15":24,"16":120,"17":4,"18":24},"f":{"0":4,"1":1,"2":0,"3":24,"4":120,"5":24},"b":{"0":[24,0],"1":[0,24]},"_coverageSchema":"1a1c01bbd47fc00a2c39e90264f33305004495a9","hash":"dd535ed43d978cf14ea7f9f75746f871ccb3d532"}
,"/Users/dylanwilliams/FEC/pp-atelier/client/src/components/Ratings-Reviews/AddreviewModal/ReviewBody.jsx": {"path":"/Users/dylanwilliams/FEC/pp-atelier/client/src/components/Ratings-Reviews/AddreviewModal/ReviewBody.jsx","statementMap":{"0":{"start":{"line":4,"column":24},"end":{"line":6,"column":1}},"1":{"start":{"line":8,"column":20},"end":{"line":13,"column":1}},"2":{"start":{"line":15,"column":23},"end":{"line":23,"column":1}},"3":{"start":{"line":25,"column":23},"end":{"line":29,"column":1}},"4":{"start":{"line":28,"column":23},"end":{"line":28,"column":57}},"5":{"start":{"line":31,"column":19},"end":{"line":51,"column":1}},"6":{"start":{"line":32,"column":28},"end":{"line":32,"column":40}},"7":{"start":{"line":34,"column":2},"end":{"line":36,"column":22}},"8":{"start":{"line":35,"column":4},"end":{"line":35,"column":40}},"9":{"start":{"line":38,"column":2},"end":{"line":50,"column":4}}},"fnMap":{"0":{"name":"(anonymous_0)","decl":{"start":{"line":28,"column":11},"end":{"line":28,"column":12}},"loc":{"start":{"line":28,"column":23},"end":{"line":28,"column":57}},"line":28},"1":{"name":"(anonymous_1)","decl":{"start":{"line":31,"column":19},"end":{"line":31,"column":20}},"loc":{"start":{"line":31,"column":51},"end":{"line":51,"column":1}},"line":31},"2":{"name":"(anonymous_2)","decl":{"start":{"line":34,"column":12},"end":{"line":34,"column":13}},"loc":{"start":{"line":34,"column":18},"end":{"line":36,"column":3}},"line":34}},"branchMap":{"0":{"loc":{"start":{"line":28,"column":23},"end":{"line":28,"column":57}},"type":"cond-expr","locations":[{"start":{"line":28,"column":42},"end":{"line":28,"column":48}},{"start":{"line":28,"column":51},"end":{"line":28,"column":57}}],"line":28},"1":{"loc":{"start":{"line":47,"column":11},"end":{"line":47,"column":88}},"type":"cond-expr","locations":[{"start":{"line":47,"column":24},"end":{"line":47,"column":68}},{"start":{"line":47,"column":71},"end":{"line":47,"column":88}}],"line":47}},"s":{"0":1,"1":1,"2":1,"3":1,"4":5,"5":1,"6":5,"7":5,"8":4,"9":5},"f":{"0":5,"1":5,"2":4},"b":{"0":[4,1],"1":[4,1]},"_coverageSchema":"1a1c01bbd47fc00a2c39e90264f33305004495a9","hash":"6bb33274a069ab8e49e354a2c0b2dba780fa0fa0"}
,"/Users/dylanwilliams/FEC/pp-atelier/client/src/components/Ratings-Reviews/AddreviewModal/ReviewEmail.jsx": {"path":"/Users/dylanwilliams/FEC/pp-atelier/client/src/components/Ratings-Reviews/AddreviewModal/ReviewEmail.jsx","statementMap":{"0":{"start":{"line":4,"column":19},"end":{"line":12,"column":1}},"1":{"start":{"line":14,"column":20},"end":{"line":24,"column":1}},"2":{"start":{"line":15,"column":4},"end":{"line":23,"column":10}}},"fnMap":{"0":{"name":"(anonymous_0)","decl":{"start":{"line":14,"column":20},"end":{"line":14,"column":21}},"loc":{"start":{"line":15,"column":4},"end":{"line":23,"column":10}},"line":15}},"branchMap":{},"s":{"0":1,"1":1,"2":3},"f":{"0":3},"b":{},"_coverageSchema":"1a1c01bbd47fc00a2c39e90264f33305004495a9","hash":"9d897e6671e01db7cd25513e79bdc2a6703ccd2d"}
,"/Users/dylanwilliams/FEC/pp-atelier/client/src/components/Ratings-Reviews/AddreviewModal/ReviewSummary.jsx": {"path":"/Users/dylanwilliams/FEC/pp-atelier/client/src/components/Ratings-Reviews/AddreviewModal/ReviewSummary.jsx","statementMap":{"0":{"start":{"line":4,"column":25},"end":{"line":6,"column":1}},"1":{"start":{"line":8,"column":24},"end":{"line":16,"column":1}},"2":{"start":{"line":18,"column":22},"end":{"line":26,"column":1}},"3":{"start":{"line":19,"column":4},"end":{"line":25,"column":23}}},"fnMap":{"0":{"name":"(anonymous_0)","decl":{"start":{"line":18,"column":22},"end":{"line":18,"column":23}},"loc":{"start":{"line":19,"column":4},"end":{"line":25,"column":23}},"line":19}},"branchMap":{},"s":{"0":1,"1":1,"2":1,"3":3},"f":{"0":3},"b":{},"_coverageSchema":"1a1c01bbd47fc00a2c39e90264f33305004495a9","hash":"e546f91180bffc75c14a13536551a3bfb3cadbfd"}
,"/Users/dylanwilliams/FEC/pp-atelier/client/src/components/Ratings-Reviews/AddreviewModal/UploadPhotos.jsx": {"path":"/Users/dylanwilliams/FEC/pp-atelier/client/src/components/Ratings-Reviews/AddreviewModal/UploadPhotos.jsx","statementMap":{"0":{"start":{"line":4,"column":30},"end":{"line":8,"column":1}},"1":{"start":{"line":10,"column":21},"end":{"line":13,"column":1}},"2":{"start":{"line":15,"column":14},"end":{"line":20,"column":1}},"3":{"start":{"line":22,"column":18},"end":{"line":29,"column":1}},"4":{"start":{"line":31,"column":18},"end":{"line":33,"column":1}},"5":{"start":{"line":35,"column":23},"end":{"line":45,"column":1}},"6":{"start":{"line":47,"column":21},"end":{"line":85,"column":1}},"7":{"start":{"line":48,"column":33},"end":{"line":69,"column":3}},"8":{"start":{"line":49,"column":22},"end":{"line":49,"column":34}},"9":{"start":{"line":50,"column":21},"end":{"line":50,"column":50}},"10":{"start":{"line":52,"column":4},"end":{"line":68,"column":9}},"11":{"start":{"line":52,"column":39},"end":{"line":57,"column":6}},"12":{"start":{"line":53,"column":21},"end":{"line":53,"column":37}},"13":{"start":{"line":54,"column":6},"end":{"line":54,"column":56}},"14":{"start":{"line":54,"column":32},"end":{"line":54,"column":54}},"15":{"start":{"line":55,"column":6},"end":{"line":55,"column":30}},"16":{"start":{"line":56,"column":6},"end":{"line":56,"column":33}},"17":{"start":{"line":59,"column":8},"end":{"line":64,"column":11}},"18":{"start":{"line":67,"column":8},"end":{"line":67,"column":27}},"19":{"start":{"line":71,"column":2},"end":{"line":84,"column":4}},"20":{"start":{"line":75,"column":10},"end":{"line":78,"column":25}}},"fnMap":{"0":{"name":"(anonymous_0)","decl":{"start":{"line":47,"column":21},"end":{"line":47,"column":22}},"loc":{"start":{"line":47,"column":53},"end":{"line":85,"column":1}},"line":47},"1":{"name":"(anonymous_1)","decl":{"start":{"line":48,"column":33},"end":{"line":48,"column":34}},"loc":{"start":{"line":48,"column":44},"end":{"line":69,"column":3}},"line":48},"2":{"name":"(anonymous_2)","decl":{"start":{"line":52,"column":29},"end":{"line":52,"column":30}},"loc":{"start":{"line":52,"column":39},"end":{"line":57,"column":6}},"line":52},"3":{"name":"(anonymous_3)","decl":{"start":{"line":52,"column":51},"end":{"line":52,"column":52}},"loc":{"start":{"line":52,"column":72},"end":{"line":57,"column":5}},"line":52},"4":{"name":"(anonymous_4)","decl":{"start":{"line":54,"column":25},"end":{"line":54,"column":26}},"loc":{"start":{"line":54,"column":32},"end":{"line":54,"column":54}},"line":54},"5":{"name":"(anonymous_5)","decl":{"start":{"line":58,"column":12},"end":{"line":58,"column":13}},"loc":{"start":{"line":58,"column":26},"end":{"line":65,"column":7}},"line":58},"6":{"name":"(anonymous_6)","decl":{"start":{"line":66,"column":13},"end":{"line":66,"column":14}},"loc":{"start":{"line":66,"column":22},"end":{"line":68,"column":7}},"line":66},"7":{"name":"(anonymous_7)","decl":{"start":{"line":74,"column":29},"end":{"line":74,"column":30}},"loc":{"start":{"line":75,"column":10},"end":{"line":78,"column":25}},"line":75}},"branchMap":{},"s":{"0":1,"1":1,"2":1,"3":1,"4":1,"5":1,"6":1,"7":2,"8":0,"9":0,"10":0,"11":0,"12":0,"13":0,"14":0,"15":0,"16":0,"17":0,"18":0,"19":2,"20":0},"f":{"0":2,"1":0,"2":0,"3":0,"4":0,"5":0,"6":0,"7":0},"b":{},"_coverageSchema":"1a1c01bbd47fc00a2c39e90264f33305004495a9","hash":"ef9ca1ae87b5d1cff6decc2cdec1c35d32c60205"}
,"/Users/dylanwilliams/FEC/pp-atelier/client/src/components/Ratings-Reviews/ReviewBreakdown/ProductBreakdown.jsx": {"path":"/Users/dylanwilliams/FEC/pp-atelier/client/src/components/Ratings-Reviews/ReviewBreakdown/ProductBreakdown.jsx","statementMap":{"0":{"start":{"line":4,"column":27},"end":{"line":10,"column":1}},"1":{"start":{"line":12,"column":30},"end":{"line":20,"column":1}},"2":{"start":{"line":22,"column":22},"end":{"line":32,"column":1}},"3":{"start":{"line":25,"column":21},"end":{"line":25,"column":32}},"4":{"start":{"line":34,"column":23},"end":{"line":37,"column":1}},"5":{"start":{"line":39,"column":19},"end":{"line":46,"column":1}},"6":{"start":{"line":48,"column":25},"end":{"line":99,"column":1}},"7":{"start":{"line":49,"column":22},"end":{"line":66,"column":3}},"8":{"start":{"line":67,"column":19},"end":{"line":74,"column":3}},"9":{"start":{"line":76,"column":24},"end":{"line":80,"column":5}},"10":{"start":{"line":76,"column":63},"end":{"line":80,"column":3}},"11":{"start":{"line":82,"column":2},"end":{"line":98,"column":4}},"12":{"start":{"line":85,"column":8},"end":{"line":95,"column":29}}},"fnMap":{"0":{"name":"(anonymous_0)","decl":{"start":{"line":25,"column":10},"end":{"line":25,"column":11}},"loc":{"start":{"line":25,"column":21},"end":{"line":25,"column":32}},"line":25},"1":{"name":"(anonymous_1)","decl":{"start":{"line":48,"column":25},"end":{"line":48,"column":26}},"loc":{"start":{"line":48,"column":31},"end":{"line":99,"column":1}},"line":48},"2":{"name":"(anonymous_2)","decl":{"start":{"line":76,"column":53},"end":{"line":76,"column":54}},"loc":{"start":{"line":76,"column":63},"end":{"line":80,"column":3}},"line":76},"3":{"name":"(anonymous_3)","decl":{"start":{"line":84,"column":25},"end":{"line":84,"column":26}},"loc":{"start":{"line":85,"column":8},"end":{"line":95,"column":29}},"line":85}},"branchMap":{},"s":{"0":1,"1":1,"2":1,"3":4,"4":1,"5":1,"6":1,"7":1,"8":1,"9":1,"10":4,"11":1,"12":4},"f":{"0":4,"1":1,"2":4,"3":4},"b":{},"_coverageSchema":"1a1c01bbd47fc00a2c39e90264f33305004495a9","hash":"64d7f13da2167ccdafcb7f71d912e99fb5f9c8f6"}
,"/Users/dylanwilliams/FEC/pp-atelier/client/src/components/Ratings-Reviews/ReviewBreakdown/RatingSummary.jsx": {"path":"/Users/dylanwilliams/FEC/pp-atelier/client/src/components/Ratings-Reviews/ReviewBreakdown/RatingSummary.jsx","statementMap":{"0":{"start":{"line":6,"column":22},"end":{"line":11,"column":1}},"1":{"start":{"line":13,"column":23},"end":{"line":21,"column":1}},"2":{"start":{"line":16,"column":20},"end":{"line":16,"column":31}},"3":{"start":{"line":23,"column":22},"end":{"line":29,"column":1}},"4":{"start":{"line":31,"column":29},"end":{"line":39,"column":1}},"5":{"start":{"line":41,"column":24},"end":{"line":46,"column":1}},"6":{"start":{"line":45,"column":20},"end":{"line":45,"column":36}},"7":{"start":{"line":48,"column":14},"end":{"line":51,"column":1}},"8":{"start":{"line":53,"column":22},"end":{"line":124,"column":1}},"9":{"start":{"line":54,"column":30},"end":{"line":54,"column":41}},"10":{"start":{"line":55,"column":42},"end":{"line":55,"column":53}},"11":{"start":{"line":56,"column":66},"end":{"line":56,"column":76}},"12":{"start":{"line":58,"column":22},"end":{"line":64,"column":3}},"13":{"start":{"line":66,"column":22},"end":{"line":69,"column":3}},"14":{"start":{"line":71,"column":2},"end":{"line":86,"column":9}},"15":{"start":{"line":72,"column":23},"end":{"line":72,"column":24}},"16":{"start":{"line":73,"column":25},"end":{"line":73,"column":26}},"17":{"start":{"line":75,"column":4},"end":{"line":78,"column":5}},"18":{"start":{"line":75,"column":17},"end":{"line":75,"column":18}},"19":{"start":{"line":76,"column":6},"end":{"line":76,"column":55}},"20":{"start":{"line":77,"column":6},"end":{"line":77,"column":53}},"21":{"start":{"line":79,"column":26},"end":{"line":79,"column":55}},"22":{"start":{"line":80,"column":4},"end":{"line":80,"column":29}},"23":{"start":{"line":81,"column":4},"end":{"line":81,"column":36}},"24":{"start":{"line":83,"column":32},"end":{"line":84,"column":39}},"25":{"start":{"line":85,"column":4},"end":{"line":85,"column":71}},"26":{"start":{"line":88,"column":21},"end":{"line":96,"column":3}},"27":{"start":{"line":89,"column":4},"end":{"line":91,"column":5}},"28":{"start":{"line":90,"column":6},"end":{"line":90,"column":17}},"29":{"start":{"line":92,"column":4},"end":{"line":94,"column":5}},"30":{"start":{"line":93,"column":6},"end":{"line":93,"column":32}},"31":{"start":{"line":95,"column":4},"end":{"line":95,"column":13}},"32":{"start":{"line":98,"column":2},"end":{"line":123,"column":4}},"33":{"start":{"line":102,"column":8},"end":{"line":107,"column":24}},"34":{"start":{"line":112,"column":6},"end":{"line":118,"column":12}}},"fnMap":{"0":{"name":"(anonymous_0)","decl":{"start":{"line":16,"column":9},"end":{"line":16,"column":10}},"loc":{"start":{"line":16,"column":20},"end":{"line":16,"column":31}},"line":16},"1":{"name":"(anonymous_1)","decl":{"start":{"line":45,"column":9},"end":{"line":45,"column":10}},"loc":{"start":{"line":45,"column":20},"end":{"line":45,"column":36}},"line":45},"2":{"name":"(anonymous_2)","decl":{"start":{"line":53,"column":22},"end":{"line":53,"column":23}},"loc":{"start":{"line":53,"column":28},"end":{"line":124,"column":1}},"line":53},"3":{"name":"(anonymous_3)","decl":{"start":{"line":71,"column":12},"end":{"line":71,"column":13}},"loc":{"start":{"line":71,"column":18},"end":{"line":86,"column":3}},"line":71},"4":{"name":"(anonymous_4)","decl":{"start":{"line":88,"column":21},"end":{"line":88,"column":22}},"loc":{"start":{"line":88,"column":32},"end":{"line":96,"column":3}},"line":88},"5":{"name":"(anonymous_5)","decl":{"start":{"line":101,"column":27},"end":{"line":101,"column":28}},"loc":{"start":{"line":102,"column":8},"end":{"line":107,"column":24}},"line":102},"6":{"name":"(anonymous_6)","decl":{"start":{"line":111,"column":25},"end":{"line":111,"column":26}},"loc":{"start":{"line":112,"column":6},"end":{"line":118,"column":12}},"line":112}},"branchMap":{"0":{"loc":{"start":{"line":89,"column":4},"end":{"line":91,"column":5}},"type":"if","locations":[{"start":{"line":89,"column":4},"end":{"line":91,"column":5}},{"start":{},"end":{}}],"line":89},"1":{"loc":{"start":{"line":92,"column":4},"end":{"line":94,"column":5}},"type":"if","locations":[{"start":{"line":92,"column":4},"end":{"line":94,"column":5}},{"start":{},"end":{}}],"line":92},"2":{"loc":{"start":{"line":92,"column":8},"end":{"line":92,"column":44}},"type":"binary-expr","locations":[{"start":{"line":92,"column":8},"end":{"line":92,"column":26}},{"start":{"line":92,"column":30},"end":{"line":92,"column":44}}],"line":92}},"s":{"0":1,"1":1,"2":20,"3":1,"4":1,"5":1,"6":20,"7":1,"8":1,"9":4,"10":4,"11":4,"12":4,"13":4,"14":4,"15":2,"16":2,"17":2,"18":2,"19":10,"20":10,"21":2,"22":2,"23":2,"24":2,"25":2,"26":4,"27":20,"28":6,"29":14,"30":2,"31":12,"32":4,"33":20,"34":20},"f":{"0":20,"1":20,"2":4,"3":2,"4":20,"5":20,"6":20},"b":{"0":[6,14],"1":[2,12],"2":[14,2]},"_coverageSchema":"1a1c01bbd47fc00a2c39e90264f33305004495a9","hash":"513017d024c7448d49e97baecc0a3d3327b5c096"}
,"/Users/dylanwilliams/FEC/pp-atelier/client/src/components/RelatedItems/Compare.jsx": {"path":"/Users/dylanwilliams/FEC/pp-atelier/client/src/components/RelatedItems/Compare.jsx","statementMap":{"0":{"start":{"line":4,"column":16},"end":{"line":49,"column":1}},"1":{"start":{"line":7,"column":19},"end":{"line":15,"column":3}},"2":{"start":{"line":8,"column":4},"end":{"line":10,"column":5}},"3":{"start":{"line":9,"column":6},"end":{"line":9,"column":25}},"4":{"start":{"line":11,"column":4},"end":{"line":13,"column":5}},"5":{"start":{"line":12,"column":6},"end":{"line":12,"column":23}},"6":{"start":{"line":14,"column":4},"end":{"line":14,"column":41}},"7":{"start":{"line":16,"column":21},"end":{"line":16,"column":23}},"8":{"start":{"line":17,"column":21},"end":{"line":17,"column":23}},"9":{"start":{"line":18,"column":2},"end":{"line":20,"column":5}},"10":{"start":{"line":19,"column":4},"end":{"line":19,"column":39}},"11":{"start":{"line":21,"column":2},"end":{"line":23,"column":5}},"12":{"start":{"line":22,"column":4},"end":{"line":22,"column":39}},"13":{"start":{"line":24,"column":22},"end":{"line":24,"column":24}},"14":{"start":{"line":25,"column":27},"end":{"line":25,"column":29}},"15":{"start":{"line":26,"column":22},"end":{"line":26,"column":24}},"16":{"start":{"line":27,"column":2},"end":{"line":35,"column":5}},"17":{"start":{"line":28,"column":4},"end":{"line":28,"column":32}},"18":{"start":{"line":29,"column":4},"end":{"line":29,"column":27}},"19":{"start":{"line":30,"column":4},"end":{"line":34,"column":5}},"20":{"start":{"line":31,"column":6},"end":{"line":31,"column":29}},"21":{"start":{"line":33,"column":6},"end":{"line":33,"column":30}},"22":{"start":{"line":36,"column":2},"end":{"line":42,"column":5}},"23":{"start":{"line":37,"column":4},"end":{"line":41,"column":5}},"24":{"start":{"line":38,"column":6},"end":{"line":38,"column":29}},"25":{"start":{"line":39,"column":6},"end":{"line":39,"column":34}},"26":{"start":{"line":40,"column":6},"end":{"line":40,"column":30}},"27":{"start":{"line":43,"column":2},"end":{"line":48,"column":4}}},"fnMap":{"0":{"name":"(anonymous_0)","decl":{"start":{"line":4,"column":16},"end":{"line":4,"column":17}},"loc":{"start":{"line":6,"column":6},"end":{"line":49,"column":1}},"line":6},"1":{"name":"(anonymous_1)","decl":{"start":{"line":7,"column":19},"end":{"line":7,"column":20}},"loc":{"start":{"line":7,"column":28},"end":{"line":15,"column":3}},"line":7},"2":{"name":"(anonymous_2)","decl":{"start":{"line":18,"column":20},"end":{"line":18,"column":21}},"loc":{"start":{"line":18,"column":33},"end":{"line":20,"column":3}},"line":18},"3":{"name":"(anonymous_3)","decl":{"start":{"line":21,"column":20},"end":{"line":21,"column":21}},"loc":{"start":{"line":21,"column":33},"end":{"line":23,"column":3}},"line":21},"4":{"name":"(anonymous_4)","decl":{"start":{"line":27,"column":21},"end":{"line":27,"column":22}},"loc":{"start":{"line":27,"column":31},"end":{"line":35,"column":3}},"line":27},"5":{"name":"(anonymous_5)","decl":{"start":{"line":36,"column":21},"end":{"line":36,"column":22}},"loc":{"start":{"line":36,"column":31},"end":{"line":42,"column":3}},"line":36}},"branchMap":{"0":{"loc":{"start":{"line":8,"column":4},"end":{"line":10,"column":5}},"type":"if","locations":[{"start":{"line":8,"column":4},"end":{"line":10,"column":5}},{"start":{},"end":{}}],"line":8},"1":{"loc":{"start":{"line":8,"column":8},"end":{"line":8,"column":33}},"type":"binary-expr","locations":[{"start":{"line":8,"column":8},"end":{"line":8,"column":18}},{"start":{"line":8,"column":22},"end":{"line":8,"column":33}}],"line":8},"2":{"loc":{"start":{"line":11,"column":4},"end":{"line":13,"column":5}},"type":"if","locations":[{"start":{"line":11,"column":4},"end":{"line":13,"column":5}},{"start":{},"end":{}}],"line":11},"3":{"loc":{"start":{"line":11,"column":8},"end":{"line":11,"column":33}},"type":"binary-expr","locations":[{"start":{"line":11,"column":8},"end":{"line":11,"column":20}},{"start":{"line":11,"column":24},"end":{"line":11,"column":33}}],"line":11},"4":{"loc":{"start":{"line":30,"column":4},"end":{"line":34,"column":5}},"type":"if","locations":[{"start":{"line":30,"column":4},"end":{"line":34,"column":5}},{"start":{"line":32,"column":11},"end":{"line":34,"column":5}}],"line":30},"5":{"loc":{"start":{"line":37,"column":4},"end":{"line":41,"column":5}},"type":"if","locations":[{"start":{"line":37,"column":4},"end":{"line":41,"column":5}},{"start":{},"end":{}}],"line":37}},"s":{"0":1,"1":2,"2":12,"3":0,"4":12,"5":0,"6":12,"7":2,"8":2,"9":2,"10":6,"11":2,"12":6,"13":2,"14":2,"15":2,"16":2,"17":6,"18":6,"19":6,"20":4,"21":2,"22":2,"23":6,"24":2,"25":2,"26":2,"27":2},"f":{"0":2,"1":12,"2":6,"3":6,"4":6,"5":6},"b":{"0":[0,12],"1":[12,0],"2":[0,12],"3":[12,0],"4":[4,2],"5":[2,4]},"_coverageSchema":"1a1c01bbd47fc00a2c39e90264f33305004495a9","hash":"213d15d8f77634475840a507a3c7aaf85e4a1824"}
,"/Users/dylanwilliams/FEC/pp-atelier/client/src/components/RelatedItems/ComparisonTable.jsx": {"path":"/Users/dylanwilliams/FEC/pp-atelier/client/src/components/RelatedItems/ComparisonTable.jsx","statementMap":{"0":{"start":{"line":5,"column":24},"end":{"line":22,"column":1}},"1":{"start":{"line":8,"column":2},"end":{"line":21,"column":10}},"2":{"start":{"line":15,"column":47},"end":{"line":19,"column":9}}},"fnMap":{"0":{"name":"(anonymous_0)","decl":{"start":{"line":5,"column":24},"end":{"line":5,"column":25}},"loc":{"start":{"line":8,"column":2},"end":{"line":21,"column":10}},"line":8},"1":{"name":"(anonymous_1)","decl":{"start":{"line":15,"column":26},"end":{"line":15,"column":27}},"loc":{"start":{"line":15,"column":47},"end":{"line":19,"column":9}},"line":15}},"branchMap":{"0":{"loc":{"start":{"line":16,"column":11},"end":{"line":16,"column":96}},"type":"binary-expr","locations":[{"start":{"line":16,"column":11},"end":{"line":16,"column":29}},{"start":{"line":16,"column":33},"end":{"line":16,"column":96}}],"line":16},"1":{"loc":{"start":{"line":18,"column":11},"end":{"line":18,"column":96}},"type":"binary-expr","locations":[{"start":{"line":18,"column":11},"end":{"line":18,"column":29}},{"start":{"line":18,"column":33},"end":{"line":18,"column":96}}],"line":18}},"s":{"0":1,"1":2,"2":8},"f":{"0":2,"1":8},"b":{"0":[8,6],"1":[8,6]},"_coverageSchema":"1a1c01bbd47fc00a2c39e90264f33305004495a9","hash":"5daa5a68aa31aa165b6800486d0da5a1018e82aa"}
,"/Users/dylanwilliams/FEC/pp-atelier/client/src/components/q-a/Answer.jsx": {"path":"/Users/dylanwilliams/FEC/pp-atelier/client/src/components/q-a/Answer.jsx","statementMap":{"0":{"start":{"line":5,"column":15},"end":{"line":65,"column":1}},"1":{"start":{"line":8,"column":15},"end":{"line":8,"column":36}},"2":{"start":{"line":9,"column":24},"end":{"line":9,"column":122}},"3":{"start":{"line":10,"column":40},"end":{"line":10,"column":55}},"4":{"start":{"line":11,"column":28},"end":{"line":11,"column":40}},"5":{"start":{"line":13,"column":31},"end":{"line":22,"column":3}},"6":{"start":{"line":14,"column":21},"end":{"line":14,"column":37}},"7":{"start":{"line":15,"column":4},"end":{"line":21,"column":81}},"8":{"start":{"line":17,"column":8},"end":{"line":17,"column":57}},"9":{"start":{"line":18,"column":8},"end":{"line":18,"column":62}},"10":{"start":{"line":19,"column":8},"end":{"line":19,"column":22}},"11":{"start":{"line":21,"column":24},"end":{"line":21,"column":79}},"12":{"start":{"line":24,"column":23},"end":{"line":33,"column":3}},"13":{"start":{"line":25,"column":21},"end":{"line":25,"column":37}},"14":{"start":{"line":26,"column":4},"end":{"line":32,"column":9}},"15":{"start":{"line":28,"column":8},"end":{"line":28,"column":22}},"16":{"start":{"line":31,"column":8},"end":{"line":31,"column":53}},"17":{"start":{"line":35,"column":2},"end":{"line":41,"column":20}},"18":{"start":{"line":36,"column":4},"end":{"line":40,"column":5}},"19":{"start":{"line":37,"column":6},"end":{"line":37,"column":46}},"20":{"start":{"line":39,"column":6},"end":{"line":39,"column":44}},"21":{"start":{"line":43,"column":2},"end":{"line":64,"column":4}},"22":{"start":{"line":47,"column":63},"end":{"line":56,"column":51}},"23":{"start":{"line":49,"column":8},"end":{"line":49,"column":31}},"24":{"start":{"line":50,"column":8},"end":{"line":50,"column":37}},"25":{"start":{"line":51,"column":8},"end":{"line":51,"column":28}}},"fnMap":{"0":{"name":"(anonymous_0)","decl":{"start":{"line":5,"column":15},"end":{"line":5,"column":16}},"loc":{"start":{"line":7,"column":6},"end":{"line":65,"column":1}},"line":7},"1":{"name":"(anonymous_1)","decl":{"start":{"line":13,"column":31},"end":{"line":13,"column":32}},"loc":{"start":{"line":13,"column":37},"end":{"line":22,"column":3}},"line":13},"2":{"name":"(anonymous_2)","decl":{"start":{"line":16,"column":12},"end":{"line":16,"column":13}},"loc":{"start":{"line":16,"column":18},"end":{"line":20,"column":7}},"line":16},"3":{"name":"(anonymous_3)","decl":{"start":{"line":21,"column":13},"end":{"line":21,"column":14}},"loc":{"start":{"line":21,"column":24},"end":{"line":21,"column":79}},"line":21},"4":{"name":"(anonymous_4)","decl":{"start":{"line":24,"column":23},"end":{"line":24,"column":24}},"loc":{"start":{"line":24,"column":29},"end":{"line":33,"column":3}},"line":24},"5":{"name":"(anonymous_5)","decl":{"start":{"line":27,"column":12},"end":{"line":27,"column":13}},"loc":{"start":{"line":27,"column":18},"end":{"line":29,"column":7}},"line":27},"6":{"name":"(anonymous_6)","decl":{"start":{"line":30,"column":13},"end":{"line":30,"column":14}},"loc":{"start":{"line":30,"column":24},"end":{"line":32,"column":7}},"line":30},"7":{"name":"(anonymous_7)","decl":{"start":{"line":35,"column":12},"end":{"line":35,"column":13}},"loc":{"start":{"line":35,"column":18},"end":{"line":41,"column":3}},"line":35},"8":{"name":"(anonymous_8)","decl":{"start":{"line":47,"column":49},"end":{"line":47,"column":50}},"loc":{"start":{"line":47,"column":63},"end":{"line":56,"column":51}},"line":47},"9":{"name":"(anonymous_9)","decl":{"start":{"line":48,"column":15},"end":{"line":48,"column":16}},"loc":{"start":{"line":48,"column":21},"end":{"line":52,"column":7}},"line":48}},"branchMap":{"0":{"loc":{"start":{"line":36,"column":4},"end":{"line":40,"column":5}},"type":"if","locations":[{"start":{"line":36,"column":4},"end":{"line":40,"column":5}},{"start":{"line":38,"column":11},"end":{"line":40,"column":5}}],"line":36},"1":{"loc":{"start":{"line":45,"column":7},"end":{"line":45,"column":81}},"type":"binary-expr","locations":[{"start":{"line":45,"column":7},"end":{"line":45,"column":18}},{"start":{"line":45,"column":22},"end":{"line":45,"column":81}}],"line":45},"2":{"loc":{"start":{"line":47,"column":8},"end":{"line":56,"column":59}},"type":"cond-expr","locations":[{"start":{"line":47,"column":31},"end":{"line":56,"column":52}},{"start":{"line":56,"column":55},"end":{"line":56,"column":59}}],"line":47},"3":{"loc":{"start":{"line":57,"column":16},"end":{"line":57,"column":114}},"type":"cond-expr","locations":[{"start":{"line":57,"column":52},"end":{"line":57,"column":91}},{"start":{"line":57,"column":94},"end":{"line":57,"column":114}}],"line":57},"4":{"loc":{"start":{"line":58,"column":21},"end":{"line":60,"column":48}},"type":"cond-expr","locations":[{"start":{"line":59,"column":10},"end":{"line":59,"column":83}},{"start":{"line":60,"column":10},"end":{"line":60,"column":48}}],"line":58}},"s":{"0":1,"1":0,"2":0,"3":0,"4":0,"5":0,"6":0,"7":0,"8":0,"9":0,"10":0,"11":0,"12":0,"13":0,"14":0,"15":0,"16":0,"17":0,"18":0,"19":0,"20":0,"21":0,"22":0,"23":0,"24":0,"25":0},"f":{"0":0,"1":0,"2":0,"3":0,"4":0,"5":0,"6":0,"7":0,"8":0,"9":0},"b":{"0":[0,0],"1":[0,0],"2":[0,0],"3":[0,0],"4":[0,0]},"_coverageSchema":"1a1c01bbd47fc00a2c39e90264f33305004495a9","hash":"862e3eb251e76544dbd384e895be3067f87debf0"}
,"/Users/dylanwilliams/FEC/pp-atelier/client/src/components/q-a/AnswerModal.jsx": {"path":"/Users/dylanwilliams/FEC/pp-atelier/client/src/components/q-a/AnswerModal.jsx","statementMap":{"0":{"start":{"line":5,"column":21},"end":{"line":17,"column":1}},"1":{"start":{"line":19,"column":19},"end":{"line":26,"column":1}},"2":{"start":{"line":28,"column":17},"end":{"line":31,"column":1}},"3":{"start":{"line":33,"column":15},"end":{"line":38,"column":1}},"4":{"start":{"line":40,"column":20},"end":{"line":132,"column":1}},"5":{"start":{"line":43,"column":26},"end":{"line":43,"column":38}},"6":{"start":{"line":44,"column":26},"end":{"line":44,"column":38}},"7":{"start":{"line":45,"column":28},"end":{"line":45,"column":40}},"8":{"start":{"line":46,"column":30},"end":{"line":46,"column":42}},"9":{"start":{"line":63,"column":23},"end":{"line":67,"column":3}},"10":{"start":{"line":64,"column":25},"end":{"line":64,"column":36}},"11":{"start":{"line":65,"column":4},"end":{"line":65,"column":30}},"12":{"start":{"line":66,"column":4},"end":{"line":66,"column":28}},"13":{"start":{"line":69,"column":21},"end":{"line":81,"column":3}},"14":{"start":{"line":70,"column":27},"end":{"line":70,"column":60}},"15":{"start":{"line":70,"column":52},"end":{"line":70,"column":59}},"16":{"start":{"line":71,"column":4},"end":{"line":80,"column":72}},"17":{"start":{"line":78,"column":8},"end":{"line":78,"column":22}},"18":{"start":{"line":80,"column":24},"end":{"line":80,"column":70}},"19":{"start":{"line":83,"column":2},"end":{"line":131,"column":4}},"20":{"start":{"line":84,"column":33},"end":{"line":84,"column":55}},"21":{"start":{"line":85,"column":34},"end":{"line":85,"column":53}},"22":{"start":{"line":86,"column":8},"end":{"line":86,"column":21}},"23":{"start":{"line":87,"column":8},"end":{"line":87,"column":31}},"24":{"start":{"line":90,"column":10},"end":{"line":90,"column":29}},"25":{"start":{"line":91,"column":10},"end":{"line":91,"column":33}},"26":{"start":{"line":99,"column":29},"end":{"line":99,"column":52}},"27":{"start":{"line":105,"column":48},"end":{"line":105,"column":71}},"28":{"start":{"line":110,"column":48},"end":{"line":110,"column":72}},"29":{"start":{"line":114,"column":77},"end":{"line":114,"column":108}},"30":{"start":{"line":117,"column":77},"end":{"line":117,"column":108}},"31":{"start":{"line":120,"column":77},"end":{"line":120,"column":108}},"32":{"start":{"line":123,"column":77},"end":{"line":123,"column":108}},"33":{"start":{"line":126,"column":77},"end":{"line":126,"column":108}}},"fnMap":{"0":{"name":"(anonymous_0)","decl":{"start":{"line":40,"column":20},"end":{"line":40,"column":21}},"loc":{"start":{"line":42,"column":6},"end":{"line":132,"column":1}},"line":42},"1":{"name":"(anonymous_1)","decl":{"start":{"line":63,"column":23},"end":{"line":63,"column":24}},"loc":{"start":{"line":63,"column":39},"end":{"line":67,"column":3}},"line":63},"2":{"name":"(anonymous_2)","decl":{"start":{"line":69,"column":21},"end":{"line":69,"column":22}},"loc":{"start":{"line":69,"column":27},"end":{"line":81,"column":3}},"line":69},"3":{"name":"(anonymous_3)","decl":{"start":{"line":70,"column":41},"end":{"line":70,"column":42}},"loc":{"start":{"line":70,"column":52},"end":{"line":70,"column":59}},"line":70},"4":{"name":"(anonymous_4)","decl":{"start":{"line":77,"column":12},"end":{"line":77,"column":13}},"loc":{"start":{"line":77,"column":18},"end":{"line":79,"column":7}},"line":77},"5":{"name":"(anonymous_5)","decl":{"start":{"line":80,"column":13},"end":{"line":80,"column":14}},"loc":{"start":{"line":80,"column":24},"end":{"line":80,"column":70}},"line":80},"6":{"name":"(anonymous_6)","decl":{"start":{"line":84,"column":27},"end":{"line":84,"column":28}},"loc":{"start":{"line":84,"column":33},"end":{"line":84,"column":55}},"line":84},"7":{"name":"(anonymous_7)","decl":{"start":{"line":85,"column":27},"end":{"line":85,"column":28}},"loc":{"start":{"line":85,"column":34},"end":{"line":85,"column":53}},"line":85},"8":{"name":"(anonymous_8)","decl":{"start":{"line":85,"column":65},"end":{"line":85,"column":66}},"loc":{"start":{"line":85,"column":71},"end":{"line":88,"column":7}},"line":85},"9":{"name":"(anonymous_9)","decl":{"start":{"line":89,"column":41},"end":{"line":89,"column":42}},"loc":{"start":{"line":89,"column":48},"end":{"line":92,"column":9}},"line":89},"10":{"name":"(anonymous_10)","decl":{"start":{"line":99,"column":22},"end":{"line":99,"column":23}},"loc":{"start":{"line":99,"column":29},"end":{"line":99,"column":52}},"line":99},"11":{"name":"(anonymous_11)","decl":{"start":{"line":105,"column":41},"end":{"line":105,"column":42}},"loc":{"start":{"line":105,"column":48},"end":{"line":105,"column":71}},"line":105},"12":{"name":"(anonymous_12)","decl":{"start":{"line":110,"column":41},"end":{"line":110,"column":42}},"loc":{"start":{"line":110,"column":48},"end":{"line":110,"column":72}},"line":110},"13":{"name":"(anonymous_13)","decl":{"start":{"line":114,"column":70},"end":{"line":114,"column":71}},"loc":{"start":{"line":114,"column":77},"end":{"line":114,"column":108}},"line":114},"14":{"name":"(anonymous_14)","decl":{"start":{"line":117,"column":70},"end":{"line":117,"column":71}},"loc":{"start":{"line":117,"column":77},"end":{"line":117,"column":108}},"line":117},"15":{"name":"(anonymous_15)","decl":{"start":{"line":120,"column":70},"end":{"line":120,"column":71}},"loc":{"start":{"line":120,"column":77},"end":{"line":120,"column":108}},"line":120},"16":{"name":"(anonymous_16)","decl":{"start":{"line":123,"column":70},"end":{"line":123,"column":71}},"loc":{"start":{"line":123,"column":77},"end":{"line":123,"column":108}},"line":123},"17":{"name":"(anonymous_17)","decl":{"start":{"line":126,"column":70},"end":{"line":126,"column":71}},"loc":{"start":{"line":126,"column":77},"end":{"line":126,"column":108}},"line":126}},"branchMap":{},"s":{"0":1,"1":1,"2":1,"3":1,"4":1,"5":0,"6":0,"7":0,"8":0,"9":0,"10":0,"11":0,"12":0,"13":0,"14":0,"15":0,"16":0,"17":0,"18":0,"19":0,"20":0,"21":0,"22":0,"23":0,"24":0,"25":0,"26":0,"27":0,"28":0,"29":0,"30":0,"31":0,"32":0,"33":0},"f":{"0":0,"1":0,"2":0,"3":0,"4":0,"5":0,"6":0,"7":0,"8":0,"9":0,"10":0,"11":0,"12":0,"13":0,"14":0,"15":0,"16":0,"17":0},"b":{},"_coverageSchema":"1a1c01bbd47fc00a2c39e90264f33305004495a9","hash":"2dcf1605f7985236cabc5180ca6fc17a0170321f"}
,"/Users/dylanwilliams/FEC/pp-atelier/client/src/components/q-a/ImageModal.jsx": {"path":"/Users/dylanwilliams/FEC/pp-atelier/client/src/components/q-a/ImageModal.jsx","statementMap":{"0":{"start":{"line":4,"column":21},"end":{"line":16,"column":1}},"1":{"start":{"line":18,"column":22},"end":{"line":23,"column":1}},"2":{"start":{"line":25,"column":19},"end":{"line":29,"column":1}},"3":{"start":{"line":26,"column":2},"end":{"line":28,"column":19}},"4":{"start":{"line":26,"column":31},"end":{"line":26,"column":52}}},"fnMap":{"0":{"name":"(anonymous_0)","decl":{"start":{"line":25,"column":19},"end":{"line":25,"column":20}},"loc":{"start":{"line":26,"column":2},"end":{"line":28,"column":19}},"line":26},"1":{"name":"(anonymous_1)","decl":{"start":{"line":26,"column":25},"end":{"line":26,"column":26}},"loc":{"start":{"line":26,"column":31},"end":{"line":26,"column":52}},"line":26}},"branchMap":{},"s":{"0":1,"1":1,"2":1,"3":0,"4":0},"f":{"0":0,"1":0},"b":{},"_coverageSchema":"1a1c01bbd47fc00a2c39e90264f33305004495a9","hash":"36a017ea1bfc3e6af344baa27027f5b3e4633528"}
,"/Users/dylanwilliams/FEC/pp-atelier/client/src/components/q-a/QaBody.jsx": {"path":"/Users/dylanwilliams/FEC/pp-atelier/client/src/components/q-a/QaBody.jsx","statementMap":{"0":{"start":{"line":6,"column":15},"end":{"line":105,"column":1}},"1":{"start":{"line":7,"column":36},"end":{"line":7,"column":48}},"2":{"start":{"line":8,"column":44},"end":{"line":8,"column":56}},"3":{"start":{"line":9,"column":36},"end":{"line":9,"column":51}},"4":{"start":{"line":10,"column":48},"end":{"line":10,"column":63}},"5":{"start":{"line":11,"column":42},"end":{"line":11,"column":57}},"6":{"start":{"line":13,"column":50},"end":{"line":13,"column":62}},"7":{"start":{"line":15,"column":23},"end":{"line":46,"column":3}},"8":{"start":{"line":16,"column":20},"end":{"line":16,"column":24}},"9":{"start":{"line":17,"column":18},"end":{"line":17,"column":21}},"10":{"start":{"line":18,"column":24},"end":{"line":18,"column":26}},"11":{"start":{"line":20,"column":29},"end":{"line":44,"column":5}},"12":{"start":{"line":21,"column":6},"end":{"line":43,"column":11}},"13":{"start":{"line":29,"column":10},"end":{"line":29,"column":62}},"14":{"start":{"line":30,"column":10},"end":{"line":39,"column":11}},"15":{"start":{"line":31,"column":12},"end":{"line":31,"column":27}},"16":{"start":{"line":32,"column":12},"end":{"line":32,"column":31}},"17":{"start":{"line":33,"column":17},"end":{"line":39,"column":11}},"18":{"start":{"line":34,"column":12},"end":{"line":34,"column":40}},"19":{"start":{"line":35,"column":12},"end":{"line":35,"column":44}},"20":{"start":{"line":37,"column":12},"end":{"line":37,"column":40}},"21":{"start":{"line":38,"column":12},"end":{"line":38,"column":56}},"22":{"start":{"line":42,"column":10},"end":{"line":42,"column":69}},"23":{"start":{"line":45,"column":4},"end":{"line":45,"column":23}},"24":{"start":{"line":48,"column":28},"end":{"line":51,"column":3}},"25":{"start":{"line":49,"column":4},"end":{"line":49,"column":29}},"26":{"start":{"line":50,"column":4},"end":{"line":50,"column":32}},"27":{"start":{"line":53,"column":26},"end":{"line":64,"column":3}},"28":{"start":{"line":54,"column":4},"end":{"line":59,"column":5}},"29":{"start":{"line":55,"column":6},"end":{"line":55,"column":25}},"30":{"start":{"line":56,"column":27},"end":{"line":57,"column":53}},"31":{"start":{"line":56,"column":58},"end":{"line":57,"column":52}},"32":{"start":{"line":58,"column":6},"end":{"line":58,"column":37}},"33":{"start":{"line":60,"column":4},"end":{"line":63,"column":5}},"34":{"start":{"line":61,"column":6},"end":{"line":61,"column":26}},"35":{"start":{"line":62,"column":6},"end":{"line":62,"column":46}},"36":{"start":{"line":66,"column":32},"end":{"line":69,"column":3}},"37":{"start":{"line":67,"column":4},"end":{"line":67,"column":30}},"38":{"start":{"line":68,"column":4},"end":{"line":68,"column":44}},"39":{"start":{"line":71,"column":2},"end":{"line":73,"column":18}},"40":{"start":{"line":72,"column":4},"end":{"line":72,"column":20}},"41":{"start":{"line":75,"column":2},"end":{"line":81,"column":21}},"42":{"start":{"line":76,"column":4},"end":{"line":80,"column":5}},"43":{"start":{"line":77,"column":6},"end":{"line":77,"column":46}},"44":{"start":{"line":79,"column":6},"end":{"line":79,"column":44}},"45":{"start":{"line":83,"column":2},"end":{"line":104,"column":4}},"46":{"start":{"line":88,"column":78},"end":{"line":88,"column":109}},"47":{"start":{"line":91,"column":10},"end":{"line":94,"column":15}},"48":{"start":{"line":102,"column":29},"end":{"line":102,"column":50}}},"fnMap":{"0":{"name":"(anonymous_0)","decl":{"start":{"line":6,"column":15},"end":{"line":6,"column":16}},"loc":{"start":{"line":6,"column":34},"end":{"line":105,"column":1}},"line":6},"1":{"name":"(anonymous_1)","decl":{"start":{"line":15,"column":23},"end":{"line":15,"column":24}},"loc":{"start":{"line":15,"column":33},"end":{"line":46,"column":3}},"line":15},"2":{"name":"(anonymous_2)","decl":{"start":{"line":20,"column":29},"end":{"line":20,"column":30}},"loc":{"start":{"line":20,"column":35},"end":{"line":44,"column":5}},"line":20},"3":{"name":"(anonymous_3)","decl":{"start":{"line":28,"column":14},"end":{"line":28,"column":15}},"loc":{"start":{"line":28,"column":27},"end":{"line":40,"column":9}},"line":28},"4":{"name":"(anonymous_4)","decl":{"start":{"line":41,"column":15},"end":{"line":41,"column":16}},"loc":{"start":{"line":41,"column":26},"end":{"line":43,"column":9}},"line":41},"5":{"name":"(anonymous_5)","decl":{"start":{"line":48,"column":28},"end":{"line":48,"column":29}},"loc":{"start":{"line":48,"column":34},"end":{"line":51,"column":3}},"line":48},"6":{"name":"(anonymous_6)","decl":{"start":{"line":53,"column":26},"end":{"line":53,"column":27}},"loc":{"start":{"line":53,"column":37},"end":{"line":64,"column":3}},"line":53},"7":{"name":"(anonymous_7)","decl":{"start":{"line":56,"column":44},"end":{"line":56,"column":45}},"loc":{"start":{"line":56,"column":58},"end":{"line":57,"column":52}},"line":56},"8":{"name":"(anonymous_8)","decl":{"start":{"line":66,"column":32},"end":{"line":66,"column":33}},"loc":{"start":{"line":66,"column":38},"end":{"line":69,"column":3}},"line":66},"9":{"name":"(anonymous_9)","decl":{"start":{"line":71,"column":12},"end":{"line":71,"column":13}},"loc":{"start":{"line":71,"column":18},"end":{"line":73,"column":3}},"line":71},"10":{"name":"(anonymous_10)","decl":{"start":{"line":75,"column":12},"end":{"line":75,"column":13}},"loc":{"start":{"line":75,"column":18},"end":{"line":81,"column":3}},"line":75},"11":{"name":"(anonymous_11)","decl":{"start":{"line":88,"column":71},"end":{"line":88,"column":72}},"loc":{"start":{"line":88,"column":78},"end":{"line":88,"column":109}},"line":88},"12":{"name":"(anonymous_12)","decl":{"start":{"line":90,"column":46},"end":{"line":90,"column":47}},"loc":{"start":{"line":91,"column":10},"end":{"line":94,"column":15}},"line":91},"13":{"name":"(anonymous_13)","decl":{"start":{"line":102,"column":23},"end":{"line":102,"column":24}},"loc":{"start":{"line":102,"column":29},"end":{"line":102,"column":50}},"line":102}},"branchMap":{"0":{"loc":{"start":{"line":30,"column":10},"end":{"line":39,"column":11}},"type":"if","locations":[{"start":{"line":30,"column":10},"end":{"line":39,"column":11}},{"start":{"line":33,"column":17},"end":{"line":39,"column":11}}],"line":30},"1":{"loc":{"start":{"line":33,"column":17},"end":{"line":39,"column":11}},"type":"if","locations":[{"start":{"line":33,"column":17},"end":{"line":39,"column":11}},{"start":{"line":36,"column":17},"end":{"line":39,"column":11}}],"line":33},"2":{"loc":{"start":{"line":54,"column":4},"end":{"line":59,"column":5}},"type":"if","locations":[{"start":{"line":54,"column":4},"end":{"line":59,"column":5}},{"start":{},"end":{}}],"line":54},"3":{"loc":{"start":{"line":60,"column":4},"end":{"line":63,"column":5}},"type":"if","locations":[{"start":{"line":60,"column":4},"end":{"line":63,"column":5}},{"start":{},"end":{}}],"line":60},"4":{"loc":{"start":{"line":76,"column":4},"end":{"line":80,"column":5}},"type":"if","locations":[{"start":{"line":76,"column":4},"end":{"line":80,"column":5}},{"start":{"line":78,"column":11},"end":{"line":80,"column":5}}],"line":76},"5":{"loc":{"start":{"line":85,"column":7},"end":{"line":86,"column":63}},"type":"binary-expr","locations":[{"start":{"line":85,"column":7},"end":{"line":85,"column":19}},{"start":{"line":85,"column":23},"end":{"line":86,"column":63}}],"line":85},"6":{"loc":{"start":{"line":90,"column":9},"end":{"line":95,"column":42}},"type":"cond-expr","locations":[{"start":{"line":90,"column":28},"end":{"line":95,"column":10}},{"start":{"line":95,"column":13},"end":{"line":95,"column":42}}],"line":90},"7":{"loc":{"start":{"line":97,"column":7},"end":{"line":100,"column":7}},"type":"binary-expr","locations":[{"start":{"line":97,"column":7},"end":{"line":97,"column":46}},{"start":{"line":97,"column":50},"end":{"line":97,"column":69}},{"start":{"line":97,"column":73},"end":{"line":97,"column":98}},{"start":{"line":99,"column":6},"end":{"line":99,"column":70}}],"line":97},"8":{"loc":{"start":{"line":101,"column":7},"end":{"line":101,"column":95}},"type":"binary-expr","locations":[{"start":{"line":101,"column":7},"end":{"line":101,"column":22}},{"start":{"line":101,"column":27},"end":{"line":101,"column":94}}],"line":101}},"s":{"0":1,"1":1,"2":1,"3":1,"4":1,"5":1,"6":1,"7":1,"8":1,"9":1,"10":1,"11":1,"12":1,"13":0,"14":0,"15":0,"16":0,"17":0,"18":0,"19":0,"20":0,"21":0,"22":0,"23":1,"24":1,"25":0,"26":0,"27":1,"28":0,"29":0,"30":0,"31":0,"32":0,"33":0,"34":0,"35":0,"36":1,"37":0,"38":0,"39":1,"40":1,"41":1,"42":0,"43":0,"44":0,"45":1,"46":0,"47":0,"48":0},"f":{"0":1,"1":1,"2":1,"3":0,"4":0,"5":0,"6":0,"7":0,"8":0,"9":1,"10":0,"11":0,"12":0,"13":0},"b":{"0":[0,0],"1":[0,0],"2":[0,0],"3":[0,0],"4":[0,0],"5":[1,0],"6":[0,1],"7":[1,0,0,0],"8":[1,0]},"_coverageSchema":"1a1c01bbd47fc00a2c39e90264f33305004495a9","hash":"160417c6d6cb522612101a37c8a08bb1bac1aefa"}
,"/Users/dylanwilliams/FEC/pp-atelier/client/src/components/q-a/QaSection.jsx": {"path":"/Users/dylanwilliams/FEC/pp-atelier/client/src/components/q-a/QaSection.jsx","statementMap":{"0":{"start":{"line":4,"column":18},"end":{"line":13,"column":1}},"1":{"start":{"line":5,"column":36},"end":{"line":5,"column":51}},"2":{"start":{"line":7,"column":2},"end":{"line":12,"column":4}}},"fnMap":{"0":{"name":"(anonymous_0)","decl":{"start":{"line":4,"column":18},"end":{"line":4,"column":19}},"loc":{"start":{"line":4,"column":24},"end":{"line":13,"column":1}},"line":4}},"branchMap":{},"s":{"0":1,"1":2,"2":1},"f":{"0":2},"b":{},"_coverageSchema":"1a1c01bbd47fc00a2c39e90264f33305004495a9","hash":"4151ed9dcb308277d9f61f28cc5f0073ee3264e9"}
,"/Users/dylanwilliams/FEC/pp-atelier/client/src/components/q-a/Question.jsx": {"path":"/Users/dylanwilliams/FEC/pp-atelier/client/src/components/q-a/Question.jsx","statementMap":{"0":{"start":{"line":6,"column":17},"end":{"line":115,"column":1}},"1":{"start":{"line":9,"column":32},"end":{"line":9,"column":44}},"2":{"start":{"line":10,"column":40},"end":{"line":10,"column":52}},"3":{"start":{"line":11,"column":44},"end":{"line":11,"column":59}},"4":{"start":{"line":12,"column":46},"end":{"line":12,"column":58}},"5":{"start":{"line":13,"column":42},"end":{"line":13,"column":57}},"6":{"start":{"line":15,"column":21},"end":{"line":42,"column":3}},"7":{"start":{"line":16,"column":20},"end":{"line":16,"column":24}},"8":{"start":{"line":17,"column":18},"end":{"line":17,"column":21}},"9":{"start":{"line":18,"column":22},"end":{"line":18,"column":24}},"10":{"start":{"line":20,"column":29},"end":{"line":40,"column":5}},"11":{"start":{"line":21,"column":6},"end":{"line":39,"column":11}},"12":{"start":{"line":28,"column":10},"end":{"line":28,"column":58}},"13":{"start":{"line":29,"column":10},"end":{"line":35,"column":11}},"14":{"start":{"line":30,"column":12},"end":{"line":30,"column":27}},"15":{"start":{"line":31,"column":12},"end":{"line":31,"column":31}},"16":{"start":{"line":33,"column":12},"end":{"line":33,"column":36}},"17":{"start":{"line":34,"column":12},"end":{"line":34,"column":52}},"18":{"start":{"line":38,"column":10},"end":{"line":38,"column":68}},"19":{"start":{"line":41,"column":4},"end":{"line":41,"column":23}},"20":{"start":{"line":44,"column":26},"end":{"line":47,"column":3}},"21":{"start":{"line":45,"column":4},"end":{"line":45,"column":27}},"22":{"start":{"line":46,"column":4},"end":{"line":46,"column":28}},"23":{"start":{"line":49,"column":31},"end":{"line":52,"column":3}},"24":{"start":{"line":50,"column":4},"end":{"line":50,"column":28}},"25":{"start":{"line":51,"column":4},"end":{"line":51,"column":40}},"26":{"start":{"line":54,"column":36},"end":{"line":62,"column":3}},"27":{"start":{"line":55,"column":23},"end":{"line":55,"column":43}},"28":{"start":{"line":56,"column":4},"end":{"line":61,"column":84}},"29":{"start":{"line":58,"column":8},"end":{"line":58,"column":63}},"30":{"start":{"line":59,"column":8},"end":{"line":59,"column":24}},"31":{"start":{"line":61,"column":24},"end":{"line":61,"column":82}},"32":{"start":{"line":64,"column":25},"end":{"line":73,"column":3}},"33":{"start":{"line":65,"column":23},"end":{"line":65,"column":43}},"34":{"start":{"line":66,"column":4},"end":{"line":72,"column":9}},"35":{"start":{"line":68,"column":8},"end":{"line":68,"column":24}},"36":{"start":{"line":71,"column":8},"end":{"line":71,"column":55}},"37":{"start":{"line":75,"column":2},"end":{"line":77,"column":29}},"38":{"start":{"line":76,"column":4},"end":{"line":76,"column":18}},"39":{"start":{"line":79,"column":2},"end":{"line":85,"column":21}},"40":{"start":{"line":80,"column":4},"end":{"line":84,"column":5}},"41":{"start":{"line":81,"column":6},"end":{"line":81,"column":46}},"42":{"start":{"line":83,"column":6},"end":{"line":83,"column":44}},"43":{"start":{"line":87,"column":2},"end":{"line":114,"column":4}},"44":{"start":{"line":98,"column":29},"end":{"line":98,"column":50}},"45":{"start":{"line":101,"column":12},"end":{"line":104,"column":17}}},"fnMap":{"0":{"name":"(anonymous_0)","decl":{"start":{"line":6,"column":17},"end":{"line":6,"column":18}},"loc":{"start":{"line":8,"column":6},"end":{"line":115,"column":1}},"line":8},"1":{"name":"(anonymous_1)","decl":{"start":{"line":15,"column":21},"end":{"line":15,"column":22}},"loc":{"start":{"line":15,"column":31},"end":{"line":42,"column":3}},"line":15},"2":{"name":"(anonymous_2)","decl":{"start":{"line":20,"column":29},"end":{"line":20,"column":30}},"loc":{"start":{"line":20,"column":35},"end":{"line":40,"column":5}},"line":20},"3":{"name":"(anonymous_3)","decl":{"start":{"line":27,"column":14},"end":{"line":27,"column":15}},"loc":{"start":{"line":27,"column":27},"end":{"line":36,"column":9}},"line":27},"4":{"name":"(anonymous_4)","decl":{"start":{"line":37,"column":15},"end":{"line":37,"column":16}},"loc":{"start":{"line":37,"column":26},"end":{"line":39,"column":9}},"line":37},"5":{"name":"(anonymous_5)","decl":{"start":{"line":44,"column":26},"end":{"line":44,"column":27}},"loc":{"start":{"line":44,"column":32},"end":{"line":47,"column":3}},"line":44},"6":{"name":"(anonymous_6)","decl":{"start":{"line":49,"column":31},"end":{"line":49,"column":32}},"loc":{"start":{"line":49,"column":37},"end":{"line":52,"column":3}},"line":49},"7":{"name":"(anonymous_7)","decl":{"start":{"line":54,"column":36},"end":{"line":54,"column":37}},"loc":{"start":{"line":54,"column":42},"end":{"line":62,"column":3}},"line":54},"8":{"name":"(anonymous_8)","decl":{"start":{"line":57,"column":12},"end":{"line":57,"column":13}},"loc":{"start":{"line":57,"column":18},"end":{"line":60,"column":7}},"line":57},"9":{"name":"(anonymous_9)","decl":{"start":{"line":61,"column":13},"end":{"line":61,"column":14}},"loc":{"start":{"line":61,"column":24},"end":{"line":61,"column":82}},"line":61},"10":{"name":"(anonymous_10)","decl":{"start":{"line":64,"column":25},"end":{"line":64,"column":26}},"loc":{"start":{"line":64,"column":31},"end":{"line":73,"column":3}},"line":64},"11":{"name":"(anonymous_11)","decl":{"start":{"line":67,"column":12},"end":{"line":67,"column":13}},"loc":{"start":{"line":67,"column":18},"end":{"line":69,"column":7}},"line":67},"12":{"name":"(anonymous_12)","decl":{"start":{"line":70,"column":13},"end":{"line":70,"column":14}},"loc":{"start":{"line":70,"column":24},"end":{"line":72,"column":7}},"line":70},"13":{"name":"(anonymous_13)","decl":{"start":{"line":75,"column":12},"end":{"line":75,"column":13}},"loc":{"start":{"line":75,"column":18},"end":{"line":77,"column":3}},"line":75},"14":{"name":"(anonymous_14)","decl":{"start":{"line":79,"column":12},"end":{"line":79,"column":13}},"loc":{"start":{"line":79,"column":18},"end":{"line":85,"column":3}},"line":79},"15":{"name":"(anonymous_15)","decl":{"start":{"line":98,"column":23},"end":{"line":98,"column":24}},"loc":{"start":{"line":98,"column":29},"end":{"line":98,"column":50}},"line":98},"16":{"name":"(anonymous_16)","decl":{"start":{"line":100,"column":44},"end":{"line":100,"column":45}},"loc":{"start":{"line":101,"column":12},"end":{"line":104,"column":17}},"line":101}},"branchMap":{"0":{"loc":{"start":{"line":29,"column":10},"end":{"line":35,"column":11}},"type":"if","locations":[{"start":{"line":29,"column":10},"end":{"line":35,"column":11}},{"start":{"line":32,"column":17},"end":{"line":35,"column":11}}],"line":29},"1":{"loc":{"start":{"line":80,"column":4},"end":{"line":84,"column":5}},"type":"if","locations":[{"start":{"line":80,"column":4},"end":{"line":84,"column":5}},{"start":{"line":82,"column":11},"end":{"line":84,"column":5}}],"line":80},"2":{"loc":{"start":{"line":89,"column":7},"end":{"line":90,"column":99}},"type":"binary-expr","locations":[{"start":{"line":89,"column":7},"end":{"line":89,"column":19}},{"start":{"line":89,"column":23},"end":{"line":90,"column":99}}],"line":89},"3":{"loc":{"start":{"line":92,"column":21},"end":{"line":95,"column":59}},"type":"cond-expr","locations":[{"start":{"line":93,"column":10},"end":{"line":94,"column":53}},{"start":{"line":95,"column":10},"end":{"line":95,"column":59}}],"line":92},"4":{"loc":{"start":{"line":100,"column":11},"end":{"line":105,"column":38}},"type":"cond-expr","locations":[{"start":{"line":100,"column":28},"end":{"line":105,"column":12}},{"start":{"line":105,"column":15},"end":{"line":105,"column":38}}],"line":100},"5":{"loc":{"start":{"line":107,"column":9},"end":{"line":109,"column":9}},"type":"binary-expr","locations":[{"start":{"line":107,"column":9},"end":{"line":107,"column":44}},{"start":{"line":107,"column":48},"end":{"line":107,"column":62}},{"start":{"line":108,"column":8},"end":{"line":108,"column":68}}],"line":107},"6":{"loc":{"start":{"line":110,"column":9},"end":{"line":112,"column":9}},"type":"binary-expr","locations":[{"start":{"line":110,"column":9},"end":{"line":110,"column":22}},{"start":{"line":111,"column":10},"end":{"line":111,"column":79}}],"line":110}},"s":{"0":1,"1":0,"2":0,"3":0,"4":0,"5":0,"6":0,"7":0,"8":0,"9":0,"10":0,"11":0,"12":0,"13":0,"14":0,"15":0,"16":0,"17":0,"18":0,"19":0,"20":0,"21":0,"22":0,"23":0,"24":0,"25":0,"26":0,"27":0,"28":0,"29":0,"30":0,"31":0,"32":0,"33":0,"34":0,"35":0,"36":0,"37":0,"38":0,"39":0,"40":0,"41":0,"42":0,"43":0,"44":0,"45":0},"f":{"0":0,"1":0,"2":0,"3":0,"4":0,"5":0,"6":0,"7":0,"8":0,"9":0,"10":0,"11":0,"12":0,"13":0,"14":0,"15":0,"16":0},"b":{"0":[0,0],"1":[0,0],"2":[0,0],"3":[0,0],"4":[0,0],"5":[0,0,0],"6":[0,0]},"_coverageSchema":"1a1c01bbd47fc00a2c39e90264f33305004495a9","hash":"c5a4cbaee40662168e5b13f2cd6fdd62fbe134e7"}
,"/Users/dylanwilliams/FEC/pp-atelier/client/src/components/q-a/QuestionModal.jsx": {"path":"/Users/dylanwilliams/FEC/pp-atelier/client/src/components/q-a/QuestionModal.jsx","statementMap":{"0":{"start":{"line":5,"column":21},"end":{"line":17,"column":1}},"1":{"start":{"line":19,"column":21},"end":{"line":23,"column":1}},"2":{"start":{"line":25,"column":22},"end":{"line":66,"column":1}},"3":{"start":{"line":26,"column":26},"end":{"line":26,"column":38}},"4":{"start":{"line":27,"column":26},"end":{"line":27,"column":38}},"5":{"start":{"line":28,"column":28},"end":{"line":28,"column":40}},"6":{"start":{"line":30,"column":23},"end":{"line":43,"column":3}},"7":{"start":{"line":31,"column":4},"end":{"line":42,"column":9}},"8":{"start":{"line":38,"column":8},"end":{"line":38,"column":24}},"9":{"start":{"line":41,"column":8},"end":{"line":41,"column":68}},"10":{"start":{"line":45,"column":2},"end":{"line":65,"column":4}},"11":{"start":{"line":47,"column":29},"end":{"line":47,"column":51}},"12":{"start":{"line":49,"column":8},"end":{"line":49,"column":23}},"13":{"start":{"line":50,"column":8},"end":{"line":50,"column":31}},"14":{"start":{"line":54,"column":46},"end":{"line":54,"column":69}},"15":{"start":{"line":57,"column":46},"end":{"line":57,"column":69}},"16":{"start":{"line":60,"column":46},"end":{"line":60,"column":70}}},"fnMap":{"0":{"name":"(anonymous_0)","decl":{"start":{"line":25,"column":22},"end":{"line":25,"column":23}},"loc":{"start":{"line":25,"column":72},"end":{"line":66,"column":1}},"line":25},"1":{"name":"(anonymous_1)","decl":{"start":{"line":30,"column":23},"end":{"line":30,"column":24}},"loc":{"start":{"line":30,"column":29},"end":{"line":43,"column":3}},"line":30},"2":{"name":"(anonymous_2)","decl":{"start":{"line":37,"column":12},"end":{"line":37,"column":13}},"loc":{"start":{"line":37,"column":18},"end":{"line":39,"column":7}},"line":37},"3":{"name":"(anonymous_3)","decl":{"start":{"line":40,"column":13},"end":{"line":40,"column":14}},"loc":{"start":{"line":40,"column":24},"end":{"line":42,"column":7}},"line":40},"4":{"name":"(anonymous_4)","decl":{"start":{"line":47,"column":23},"end":{"line":47,"column":24}},"loc":{"start":{"line":47,"column":29},"end":{"line":47,"column":51}},"line":47},"5":{"name":"(anonymous_5)","decl":{"start":{"line":48,"column":30},"end":{"line":48,"column":31}},"loc":{"start":{"line":48,"column":36},"end":{"line":51,"column":7}},"line":48},"6":{"name":"(anonymous_6)","decl":{"start":{"line":54,"column":39},"end":{"line":54,"column":40}},"loc":{"start":{"line":54,"column":46},"end":{"line":54,"column":69}},"line":54},"7":{"name":"(anonymous_7)","decl":{"start":{"line":57,"column":39},"end":{"line":57,"column":40}},"loc":{"start":{"line":57,"column":46},"end":{"line":57,"column":69}},"line":57},"8":{"name":"(anonymous_8)","decl":{"start":{"line":60,"column":39},"end":{"line":60,"column":40}},"loc":{"start":{"line":60,"column":46},"end":{"line":60,"column":70}},"line":60}},"branchMap":{},"s":{"0":1,"1":1,"2":1,"3":0,"4":0,"5":0,"6":0,"7":0,"8":0,"9":0,"10":0,"11":0,"12":0,"13":0,"14":0,"15":0,"16":0},"f":{"0":0,"1":0,"2":0,"3":0,"4":0,"5":0,"6":0,"7":0,"8":0},"b":{},"_coverageSchema":"1a1c01bbd47fc00a2c39e90264f33305004495a9","hash":"d4dd3ece004321a1325aa060c2b886f592c6181b"}
}
