TN:
SF:client/src/components/Ratings-Reviews/AddreviewModal/AddReviewModalMain.jsx
FN:69,(anonymous_0)
FN:82,(anonymous_1)
FN:88,(anonymous_2)
FN:91,(anonymous_3)
FN:93,(anonymous_4)
FN:96,(anonymous_5)
FNF:6
FNH:3
FNDA:2,(anonymous_0)
FNDA:0,(anonymous_1)
FNDA:0,(anonymous_2)
FNDA:1,(anonymous_3)
FNDA:1,(anonymous_4)
FNDA:0,(anonymous_5)
DA:13,1
DA:25,1
DA:37,1
DA:45,1
DA:51,1
DA:69,1
DA:70,2
DA:80,2
DA:82,2
DA:83,0
DA:84,0
DA:85,0
DA:86,0
DA:88,0
DA:91,2
DA:92,1
DA:94,1
DA:97,0
DA:101,2
LF:19
LH:13
BRDA:85,0,0,0
BRDA:85,0,1,0
BRF:2
BRH:0
end_of_record
TN:
SF:client/src/components/Ratings-Reviews/AddreviewModal/DisplayName.jsx
FN:24,(anonymous_0)
FNF:1
FNH:1
FNDA:3,(anonymous_0)
DA:4,1
DA:9,1
DA:19,1
DA:24,1
DA:25,3
LF:5
LH:5
BRF:0
BRH:0
end_of_record
TN:
SF:client/src/components/Ratings-Reviews/AddreviewModal/DoYouRecommend.jsx
FN:22,(anonymous_0)
FNF:1
FNH:1
FNDA:5,(anonymous_0)
DA:4,1
DA:11,1
DA:18,1
DA:22,1
DA:23,5
LF:5
LH:5
BRF:0
BRH:0
end_of_record
TN:
SF:client/src/components/Ratings-Reviews/AddreviewModal/OverallStarRating.jsx
FN:6,(anonymous_0)
FN:8,(anonymous_1)
FN:12,(anonymous_2)
FN:13,(anonymous_3)
FN:24,(anonymous_4)
FN:29,(anonymous_5)
FNF:6
FNH:4
FNDA:15,(anonymous_0)
FNDA:15,(anonymous_1)
FNDA:3,(anonymous_2)
FNDA:0,(anonymous_3)
FNDA:15,(anonymous_4)
FNDA:0,(anonymous_5)
DA:4,1
DA:6,15
DA:8,15
DA:12,1
DA:13,3
DA:14,0
DA:22,3
DA:25,15
DA:29,0
LF:9
LH:7
BRDA:6,0,0,0
BRDA:6,0,1,15
BRDA:8,1,0,0
BRDA:8,1,1,15
BRDA:28,2,0,0
BRDA:28,2,1,15
BRDA:35,3,0,3
BRDA:35,3,1,0
BRDA:36,4,0,3
BRDA:36,4,1,0
BRDA:37,5,0,3
BRDA:37,5,1,0
BRDA:38,6,0,3
BRDA:38,6,1,0
BRDA:39,7,0,3
BRDA:39,7,1,0
BRF:16
BRH:8
end_of_record
TN:
SF:client/src/components/Ratings-Reviews/AddreviewModal/ProductCharacteristics.jsx
FN:51,(anonymous_0)
FN:97,(anonymous_1)
FN:99,(anonymous_2)
FN:102,(anonymous_3)
FN:112,(anonymous_4)
FN:132,(anonymous_5)
FNF:6
FNH:5
FNDA:4,(anonymous_0)
FNDA:1,(anonymous_1)
FNDA:0,(anonymous_2)
FNDA:24,(anonymous_3)
FNDA:120,(anonymous_4)
FNDA:24,(anonymous_5)
DA:4,1
DA:10,1
DA:19,1
DA:28,1
DA:35,1
DA:44,1
DA:49,1
DA:51,1
DA:52,4
DA:97,4
DA:98,1
DA:99,1
DA:102,4
DA:103,24
DA:104,24
DA:113,120
DA:130,4
DA:132,24
LF:18
LH:18
BRDA:103,0,0,24
BRDA:103,0,1,0
BRDA:108,1,0,0
BRDA:108,1,1,24
BRF:4
BRH:2
end_of_record
TN:
SF:client/src/components/Ratings-Reviews/AddreviewModal/ReviewBody.jsx
FN:28,(anonymous_0)
FN:31,(anonymous_1)
FN:34,(anonymous_2)
FNF:3
FNH:3
FNDA:5,(anonymous_0)
FNDA:5,(anonymous_1)
FNDA:4,(anonymous_2)
DA:4,1
DA:8,1
DA:15,1
DA:25,1
DA:28,5
DA:31,1
DA:32,5
DA:34,5
DA:35,4
DA:38,5
LF:10
LH:10
BRDA:28,0,0,4
BRDA:28,0,1,1
BRDA:47,1,0,4
BRDA:47,1,1,1
BRF:4
BRH:4
end_of_record
TN:
SF:client/src/components/Ratings-Reviews/AddreviewModal/ReviewEmail.jsx
FN:14,(anonymous_0)
FNF:1
FNH:1
FNDA:3,(anonymous_0)
DA:4,1
DA:14,1
DA:15,3
LF:3
LH:3
BRF:0
BRH:0
end_of_record
TN:
SF:client/src/components/Ratings-Reviews/AddreviewModal/ReviewSummary.jsx
FN:18,(anonymous_0)
FNF:1
FNH:1
FNDA:3,(anonymous_0)
DA:4,1
DA:8,1
DA:18,1
DA:19,3
LF:4
LH:4
BRF:0
BRH:0
end_of_record
TN:
SF:client/src/components/Ratings-Reviews/AddreviewModal/UploadPhotos.jsx
FN:47,(anonymous_0)
FN:48,(anonymous_1)
FN:52,(anonymous_2)
FN:52,(anonymous_3)
FN:54,(anonymous_4)
FN:58,(anonymous_5)
FN:66,(anonymous_6)
FN:74,(anonymous_7)
FNF:8
FNH:1
FNDA:2,(anonymous_0)
FNDA:0,(anonymous_1)
FNDA:0,(anonymous_2)
FNDA:0,(anonymous_3)
FNDA:0,(anonymous_4)
FNDA:0,(anonymous_5)
FNDA:0,(anonymous_6)
FNDA:0,(anonymous_7)
DA:4,1
DA:10,1
DA:15,1
DA:22,1
DA:31,1
DA:35,1
DA:47,1
DA:48,2
DA:49,0
DA:50,0
DA:52,0
DA:53,0
DA:54,0
DA:55,0
DA:56,0
DA:59,0
DA:67,0
DA:71,2
DA:75,0
LF:19
LH:9
BRF:0
BRH:0
end_of_record
TN:
SF:client/src/components/Ratings-Reviews/ReviewBreakdown/ProductBreakdown.jsx
FN:25,(anonymous_0)
FN:48,(anonymous_1)
FN:76,(anonymous_2)
FN:84,(anonymous_3)
FNF:4
FNH:4
FNDA:4,(anonymous_0)
FNDA:1,(anonymous_1)
FNDA:4,(anonymous_2)
FNDA:4,(anonymous_3)
DA:4,1
DA:12,1
DA:22,1
DA:25,4
DA:34,1
DA:39,1
DA:48,1
DA:49,1
DA:67,1
DA:76,4
DA:82,1
DA:85,4
LF:12
LH:12
BRF:0
BRH:0
end_of_record
TN:
SF:client/src/components/Ratings-Reviews/ReviewBreakdown/RatingSummary.jsx
FN:16,(anonymous_0)
FN:45,(anonymous_1)
FN:53,(anonymous_2)
FN:71,(anonymous_3)
FN:88,(anonymous_4)
FN:101,(anonymous_5)
FN:111,(anonymous_6)
FNF:7
FNH:7
FNDA:20,(anonymous_0)
FNDA:20,(anonymous_1)
FNDA:4,(anonymous_2)
FNDA:2,(anonymous_3)
FNDA:20,(anonymous_4)
FNDA:20,(anonymous_5)
FNDA:20,(anonymous_6)
DA:6,1
DA:13,1
DA:16,20
DA:23,1
DA:31,1
DA:41,1
DA:45,20
DA:48,1
DA:53,1
DA:54,4
DA:55,4
DA:56,4
DA:58,4
DA:66,4
DA:71,4
DA:72,2
DA:73,2
DA:75,2
DA:76,10
DA:77,10
DA:79,2
DA:80,2
DA:81,2
DA:83,2
DA:85,2
DA:88,4
DA:89,20
DA:90,6
DA:92,14
DA:93,2
DA:95,12
DA:98,4
DA:102,20
DA:112,20
LF:34
LH:34
BRDA:89,0,0,6
BRDA:89,0,1,14
BRDA:92,1,0,2
BRDA:92,1,1,12
BRDA:92,2,0,14
BRDA:92,2,1,2
BRF:6
BRH:6
end_of_record
TN:
SF:client/src/components/RelatedItems/Compare.jsx
FN:4,(anonymous_0)
FN:7,(anonymous_1)
FN:18,(anonymous_2)
FN:21,(anonymous_3)
FN:27,(anonymous_4)
FN:36,(anonymous_5)
FNF:6
FNH:6
FNDA:2,(anonymous_0)
FNDA:12,(anonymous_1)
FNDA:6,(anonymous_2)
FNDA:6,(anonymous_3)
FNDA:6,(anonymous_4)
FNDA:6,(anonymous_5)
DA:4,1
DA:7,2
DA:8,12
DA:9,0
DA:11,12
DA:12,0
DA:14,12
DA:16,2
DA:17,2
DA:18,2
DA:19,6
DA:21,2
DA:22,6
DA:24,2
DA:25,2
DA:26,2
DA:27,2
DA:28,6
DA:29,6
DA:30,6
DA:31,4
DA:33,2
DA:36,2
DA:37,6
DA:38,2
DA:39,2
DA:40,2
DA:43,2
LF:28
LH:26
BRDA:8,0,0,0
BRDA:8,0,1,12
BRDA:8,1,0,12
BRDA:8,1,1,0
BRDA:11,2,0,0
BRDA:11,2,1,12
BRDA:11,3,0,12
BRDA:11,3,1,0
BRDA:30,4,0,4
BRDA:30,4,1,2
BRDA:37,5,0,2
BRDA:37,5,1,4
BRF:12
BRH:8
end_of_record
TN:
SF:client/src/components/RelatedItems/ComparisonTable.jsx
FN:5,(anonymous_0)
FN:15,(anonymous_1)
FNF:2
FNH:2
FNDA:2,(anonymous_0)
FNDA:8,(anonymous_1)
DA:5,1
DA:8,2
DA:15,8
LF:3
LH:3
BRDA:16,0,0,8
BRDA:16,0,1,6
BRDA:18,1,0,8
BRDA:18,1,1,6
BRF:4
BRH:4
end_of_record
TN:
SF:client/src/components/q-a/Answer.jsx
FN:5,(anonymous_0)
FN:13,(anonymous_1)
FN:16,(anonymous_2)
FN:21,(anonymous_3)
FN:24,(anonymous_4)
FN:27,(anonymous_5)
FN:30,(anonymous_6)
FN:35,(anonymous_7)
FN:47,(anonymous_8)
FN:48,(anonymous_9)
FNF:10
FNH:0
FNDA:0,(anonymous_0)
FNDA:0,(anonymous_1)
FNDA:0,(anonymous_2)
FNDA:0,(anonymous_3)
FNDA:0,(anonymous_4)
FNDA:0,(anonymous_5)
FNDA:0,(anonymous_6)
FNDA:0,(anonymous_7)
FNDA:0,(anonymous_8)
FNDA:0,(anonymous_9)
DA:5,1
DA:8,0
DA:9,0
DA:10,0
DA:11,0
DA:13,0
DA:14,0
DA:15,0
DA:17,0
DA:18,0
DA:19,0
DA:21,0
DA:24,0
DA:25,0
DA:26,0
DA:28,0
DA:31,0
DA:35,0
DA:36,0
DA:37,0
DA:39,0
DA:43,0
DA:47,0
DA:49,0
DA:50,0
DA:51,0
LF:26
LH:1
BRDA:36,0,0,0
BRDA:36,0,1,0
BRDA:45,1,0,0
BRDA:45,1,1,0
BRDA:47,2,0,0
BRDA:47,2,1,0
BRDA:57,3,0,0
BRDA:57,3,1,0
BRDA:58,4,0,0
BRDA:58,4,1,0
BRF:10
BRH:0
end_of_record
TN:
SF:client/src/components/q-a/AnswerModal.jsx
FN:40,(anonymous_0)
FN:63,(anonymous_1)
FN:69,(anonymous_2)
FN:70,(anonymous_3)
FN:77,(anonymous_4)
FN:80,(anonymous_5)
FN:84,(anonymous_6)
FN:85,(anonymous_7)
FN:85,(anonymous_8)
FN:89,(anonymous_9)
FN:99,(anonymous_10)
FN:105,(anonymous_11)
FN:110,(anonymous_12)
FN:114,(anonymous_13)
FN:117,(anonymous_14)
FN:120,(anonymous_15)
FN:123,(anonymous_16)
FN:126,(anonymous_17)
FNF:18
FNH:0
FNDA:0,(anonymous_0)
FNDA:0,(anonymous_1)
FNDA:0,(anonymous_2)
FNDA:0,(anonymous_3)
FNDA:0,(anonymous_4)
FNDA:0,(anonymous_5)
FNDA:0,(anonymous_6)
FNDA:0,(anonymous_7)
FNDA:0,(anonymous_8)
FNDA:0,(anonymous_9)
FNDA:0,(anonymous_10)
FNDA:0,(anonymous_11)
FNDA:0,(anonymous_12)
FNDA:0,(anonymous_13)
FNDA:0,(anonymous_14)
FNDA:0,(anonymous_15)
FNDA:0,(anonymous_16)
FNDA:0,(anonymous_17)
DA:5,1
DA:19,1
DA:28,1
DA:33,1
DA:40,1
DA:43,0
DA:44,0
DA:45,0
DA:46,0
DA:63,0
DA:64,0
DA:65,0
DA:66,0
DA:69,0
DA:70,0
DA:71,0
DA:78,0
DA:80,0
DA:83,0
DA:84,0
DA:85,0
DA:86,0
DA:87,0
DA:90,0
DA:91,0
DA:99,0
DA:105,0
DA:110,0
DA:114,0
DA:117,0
DA:120,0
DA:123,0
DA:126,0
LF:33
LH:5
BRF:0
BRH:0
end_of_record
TN:
SF:client/src/components/q-a/ImageModal.jsx
FN:25,(anonymous_0)
FN:26,(anonymous_1)
FNF:2
FNH:0
FNDA:0,(anonymous_0)
FNDA:0,(anonymous_1)
DA:4,1
DA:18,1
DA:25,1
DA:26,0
LF:4
LH:3
BRF:0
BRH:0
end_of_record
TN:
SF:client/src/components/q-a/QaBody.jsx
FN:6,(anonymous_0)
FN:15,(anonymous_1)
FN:20,(anonymous_2)
FN:28,(anonymous_3)
FN:41,(anonymous_4)
FN:48,(anonymous_5)
FN:53,(anonymous_6)
FN:56,(anonymous_7)
FN:66,(anonymous_8)
FN:71,(anonymous_9)
FN:75,(anonymous_10)
FN:88,(anonymous_11)
FN:90,(anonymous_12)
FN:102,(anonymous_13)
FNF:14
FNH:4
FNDA:1,(anonymous_0)
FNDA:1,(anonymous_1)
FNDA:1,(anonymous_2)
FNDA:0,(anonymous_3)
FNDA:0,(anonymous_4)
FNDA:0,(anonymous_5)
FNDA:0,(anonymous_6)
FNDA:0,(anonymous_7)
FNDA:0,(anonymous_8)
FNDA:1,(anonymous_9)
FNDA:0,(anonymous_10)
FNDA:0,(anonymous_11)
FNDA:0,(anonymous_12)
FNDA:0,(anonymous_13)
DA:6,1
DA:7,1
DA:8,1
DA:9,1
DA:10,1
DA:11,1
DA:13,1
DA:15,1
DA:16,1
DA:17,1
DA:18,1
DA:20,1
DA:21,1
DA:29,0
DA:30,0
DA:31,0
DA:32,0
DA:33,0
DA:34,0
DA:35,0
DA:37,0
DA:38,0
DA:42,0
DA:45,1
DA:48,1
DA:49,0
DA:50,0
DA:53,1
DA:54,0
DA:55,0
DA:56,0
DA:58,0
DA:60,0
DA:61,0
DA:62,0
DA:66,1
DA:67,0
DA:68,0
DA:71,1
DA:72,1
DA:75,1
DA:76,0
DA:77,0
DA:79,0
DA:83,1
DA:88,0
DA:91,0
DA:102,0
LF:48
LH:21
BRDA:30,0,0,0
BRDA:30,0,1,0
BRDA:33,1,0,0
BRDA:33,1,1,0
BRDA:54,2,0,0
BRDA:54,2,1,0
BRDA:60,3,0,0
BRDA:60,3,1,0
BRDA:76,4,0,0
BRDA:76,4,1,0
BRDA:85,5,0,1
BRDA:85,5,1,0
BRDA:90,6,0,0
BRDA:90,6,1,1
BRDA:97,7,0,1
BRDA:97,7,1,0
BRDA:97,7,2,0
BRDA:97,7,3,0
BRDA:101,8,0,1
BRDA:101,8,1,0
BRF:20
BRH:4
end_of_record
TN:
SF:client/src/components/q-a/QaSection.jsx
FN:4,(anonymous_0)
FNF:1
FNH:1
FNDA:2,(anonymous_0)
DA:4,1
DA:5,2
DA:7,1
LF:3
LH:3
BRF:0
BRH:0
end_of_record
TN:
SF:client/src/components/q-a/Question.jsx
FN:6,(anonymous_0)
FN:15,(anonymous_1)
FN:20,(anonymous_2)
FN:27,(anonymous_3)
FN:37,(anonymous_4)
FN:44,(anonymous_5)
FN:49,(anonymous_6)
FN:54,(anonymous_7)
FN:57,(anonymous_8)
FN:61,(anonymous_9)
FN:64,(anonymous_10)
FN:67,(anonymous_11)
FN:70,(anonymous_12)
FN:75,(anonymous_13)
FN:79,(anonymous_14)
FN:98,(anonymous_15)
FN:100,(anonymous_16)
FNF:17
FNH:0
FNDA:0,(anonymous_0)
FNDA:0,(anonymous_1)
FNDA:0,(anonymous_2)
FNDA:0,(anonymous_3)
FNDA:0,(anonymous_4)
FNDA:0,(anonymous_5)
FNDA:0,(anonymous_6)
FNDA:0,(anonymous_7)
FNDA:0,(anonymous_8)
FNDA:0,(anonymous_9)
FNDA:0,(anonymous_10)
FNDA:0,(anonymous_11)
FNDA:0,(anonymous_12)
FNDA:0,(anonymous_13)
FNDA:0,(anonymous_14)
FNDA:0,(anonymous_15)
FNDA:0,(anonymous_16)
DA:6,1
DA:9,0
DA:10,0
DA:11,0
DA:12,0
DA:13,0
DA:15,0
DA:16,0
DA:17,0
DA:18,0
DA:20,0
DA:21,0
DA:28,0
DA:29,0
DA:30,0
DA:31,0
DA:33,0
DA:34,0
DA:38,0
DA:41,0
DA:44,0
DA:45,0
DA:46,0
DA:49,0
DA:50,0
DA:51,0
DA:54,0
DA:55,0
DA:56,0
DA:58,0
DA:59,0
DA:61,0
DA:64,0
DA:65,0
DA:66,0
DA:68,0
DA:71,0
DA:75,0
DA:76,0
DA:79,0
DA:80,0
DA:81,0
DA:83,0
DA:87,0
DA:98,0
DA:101,0
LF:46
LH:1
BRDA:29,0,0,0
BRDA:29,0,1,0
BRDA:80,1,0,0
BRDA:80,1,1,0
BRDA:89,2,0,0
BRDA:89,2,1,0
BRDA:92,3,0,0
BRDA:92,3,1,0
BRDA:100,4,0,0
BRDA:100,4,1,0
BRDA:107,5,0,0
BRDA:107,5,1,0
BRDA:107,5,2,0
BRDA:110,6,0,0
BRDA:110,6,1,0
BRF:15
BRH:0
end_of_record
TN:
SF:client/src/components/q-a/QuestionModal.jsx
FN:25,(anonymous_0)
FN:30,(anonymous_1)
FN:37,(anonymous_2)
FN:40,(anonymous_3)
FN:47,(anonymous_4)
FN:48,(anonymous_5)
FN:54,(anonymous_6)
FN:57,(anonymous_7)
FN:60,(anonymous_8)
FNF:9
FNH:0
FNDA:0,(anonymous_0)
FNDA:0,(anonymous_1)
FNDA:0,(anonymous_2)
FNDA:0,(anonymous_3)
FNDA:0,(anonymous_4)
FNDA:0,(anonymous_5)
FNDA:0,(anonymous_6)
FNDA:0,(anonymous_7)
FNDA:0,(anonymous_8)
DA:5,1
DA:19,1
DA:25,1
DA:26,0
DA:27,0
DA:28,0
DA:30,0
DA:31,0
DA:38,0
DA:41,0
DA:45,0
DA:47,0
DA:49,0
DA:50,0
DA:54,0
DA:57,0
DA:60,0
LF:17
LH:3
BRF:0
BRH:0
end_of_record
